SF:/Users/dogaaydin/CSharp-Covariance-Polymorphism-Exercises/src/AdvancedConcepts.Core/Program.cs
FN:23,System.Void AdvancedCsharpConcepts.Program::Main(System.String[])
FNDA:0,System.Void AdvancedCsharpConcepts.Program::Main(System.String[])
DA:24,0
DA:26,0
DA:27,0
DA:28,0
DA:29,0
DA:31,0
DA:32,0
DA:33,0
DA:34,0
DA:37,0
DA:38,0
DA:39,0
DA:40,0
DA:42,0
DA:43,0
DA:44,0
DA:45,0
DA:48,0
DA:49,0
DA:50,0
DA:51,0
DA:54,0
DA:55,0
DA:56,0
DA:57,0
DA:61,0
DA:62,0
DA:63,0
DA:64,0
BRDA:26,12,0,0
BRDA:26,12,1,0
BRDA:27,40,0,0
BRDA:27,40,1,0
BRDA:28,68,0,0
BRDA:28,68,1,0
BRDA:29,96,0,0
BRDA:29,96,1,0
BRDA:31,118,0,0
BRDA:31,118,1,0
BRDA:42,178,0,0
BRDA:42,178,1,0
BRDA:48,194,0,0
BRDA:48,194,1,0
BRDA:54,210,0,0
BRDA:54,210,1,0
FN:66,System.Void AdvancedCsharpConcepts.Program::ShowHelp()
FNDA:0,System.Void AdvancedCsharpConcepts.Program::ShowHelp()
DA:67,0
DA:68,0
DA:69,0
DA:70,0
DA:71,0
DA:72,0
DA:73,0
DA:74,0
DA:75,0
DA:76,0
DA:77,0
DA:78,0
DA:79,0
DA:80,0
FN:82,System.Void AdvancedCsharpConcepts.Program::RunBasicExamples()
FNDA:0,System.Void AdvancedCsharpConcepts.Program::RunBasicExamples()
DA:83,0
DA:84,0
DA:85,0
DA:86,0
DA:91,0
DA:92,0
DA:93,0
DA:94,0
DA:95,0
DA:96,0
DA:101,0
DA:102,0
DA:103,0
DA:104,0
DA:105,0
DA:106,0
DA:107,0
DA:108,0
DA:109,0
DA:115,0
DA:117,0
DA:118,0
DA:119,0
DA:120,0
DA:121,0
DA:122,0
DA:128,0
DA:132,0
DA:133,0
DA:134,0
DA:135,0
DA:136,0
DA:137,0
DA:138,0
DA:140,0
DA:141,0
DA:148,0
DA:149,0
DA:151,0
DA:152,0
DA:153,0
DA:154,0
DA:160,0
DA:163,0
DA:164,0
DA:165,0
DA:167,0
DA:173,0
DA:176,0
DA:178,0
DA:179,0
DA:185,0
DA:188,0
DA:189,0
DA:191,0
DA:192,0
DA:195,0
DA:196,0
DA:197,0
DA:203,0
DA:206,0
DA:207,0
DA:211,0
DA:212,0
DA:213,0
DA:219,0
DA:220,0
DA:221,0
DA:222,0
DA:225,0
DA:226,0
DA:229,0
DA:230,0
DA:233,0
DA:234,0
DA:235,0
DA:244,0
DA:246,0
DA:247,0
DA:248,0
DA:251,0
DA:252,0
DA:259,0
DA:260,0
DA:262,0
DA:263,0
DA:264,0
DA:267,0
BRDA:140,519,1,0
BRDA:140,519,0,0
FN:269,System.Void AdvancedCsharpConcepts.Program::RunAdvancedExamples()
FNDA:0,System.Void AdvancedCsharpConcepts.Program::RunAdvancedExamples()
DA:270,0
DA:271,0
DA:272,0
DA:273,0
DA:274,0
DA:278,0
DA:284,0
DA:290,0
DA:296,0
DA:302,0
DA:306,0
DA:307,0
DA:308,0
DA:309,0
LF:145
LH:0
BRF:18
BRH:0
FNF:4
FNH:0
end_of_record
SF:/Users/dogaaydin/CSharp-Covariance-Polymorphism-Exercises/src/AdvancedConcepts.Core/Intermediate/CovarianceContravariance/Covariance.cs
FN:42,System.Void AdvancedCsharpConcepts.Intermediate.CovarianceContravariance.Covariance::DemonstrateCovariance()
FNDA:0,System.Void AdvancedCsharpConcepts.Intermediate.CovarianceContravariance.Covariance::DemonstrateCovariance()
DA:43,0
DA:45,0
DA:48,0
DA:49,0
DA:52,0
DA:53,0
DA:56,0
DA:57,0
BRDA:56,91,1,0
BRDA:56,66,0,0
BRDA:56,66,1,0
BRDA:56,91,0,0
FN:61,AdvancedCsharpConcepts.Intermediate.CovarianceContravariance.Animal AdvancedCsharpConcepts.Intermediate.CovarianceContravariance.Covariance::GetAnimal()
FNDA:0,AdvancedCsharpConcepts.Intermediate.CovarianceContravariance.Animal AdvancedCsharpConcepts.Intermediate.CovarianceContravariance.Covariance::GetAnimal()
DA:62,0
DA:63,0
DA:64,0
FN:74,AdvancedCsharpConcepts.Intermediate.CovarianceContravariance.Cat AdvancedCsharpConcepts.Intermediate.CovarianceContravariance.Covariance::GetCat()
FNDA:0,AdvancedCsharpConcepts.Intermediate.CovarianceContravariance.Cat AdvancedCsharpConcepts.Intermediate.CovarianceContravariance.Covariance::GetCat()
DA:75,0
DA:76,0
DA:77,0
FN:20,System.Void AdvancedCsharpConcepts.Intermediate.CovarianceContravariance.Covariance::.ctor()
FNDA:0,System.Void AdvancedCsharpConcepts.Intermediate.CovarianceContravariance.Covariance::.ctor()
DA:21,0
DA:26,0
DA:30,0
DA:72,0
FN:17,System.Void AdvancedCsharpConcepts.Intermediate.CovarianceContravariance.Covariance::.cctor()
FNDA:0,System.Void AdvancedCsharpConcepts.Intermediate.CovarianceContravariance.Covariance::.cctor()
DA:18,0
DA:19,0
FN:104,AdvancedCsharpConcepts.Intermediate.CovarianceContravariance.Animal AdvancedCsharpConcepts.Intermediate.CovarianceContravariance.Animal::GetAnimal()
FNDA:0,AdvancedCsharpConcepts.Intermediate.CovarianceContravariance.Animal AdvancedCsharpConcepts.Intermediate.CovarianceContravariance.Animal::GetAnimal()
DA:105,0
DA:106,0
DA:107,0
FN:126,AdvancedCsharpConcepts.Intermediate.CovarianceContravariance.Cat AdvancedCsharpConcepts.Intermediate.CovarianceContravariance.Cat::GetAnimal()
FNDA:0,AdvancedCsharpConcepts.Intermediate.CovarianceContravariance.Cat AdvancedCsharpConcepts.Intermediate.CovarianceContravariance.Cat::GetAnimal()
DA:127,0
DA:128,0
DA:129,0
FN:157,T AdvancedCsharpConcepts.Intermediate.CovarianceContravariance.Cat`1::GetAnimal()
FNDA:0,T AdvancedCsharpConcepts.Intermediate.CovarianceContravariance.Cat`1::GetAnimal()
DA:158,0
DA:159,0
DA:160,0
LF:29
LH:0
BRF:4
BRH:0
FNF:8
FNH:0
end_of_record
SF:/Users/dogaaydin/CSharp-Covariance-Polymorphism-Exercises/src/AdvancedConcepts.Core/Intermediate/CovarianceContravariance/CovarianceContravariance.cs
FN:22,System.Void AdvancedCsharpConcepts.Intermediate.CovarianceContravariance.VarianceExamples::CovarianceExample()
FNDA:0,System.Void AdvancedCsharpConcepts.Intermediate.CovarianceContravariance.VarianceExamples::CovarianceExample()
DA:23,0
DA:25,0
DA:26,0
DA:27,0
DA:28,0
DA:29,0
DA:30,0
DA:31,0
DA:32,0
DA:35,0
DA:36,0
DA:37,0
DA:38,0
DA:39,0
DA:40,0
DA:41,0
DA:42,0
DA:43,0
DA:46,0
DA:47,0
DA:48,0
DA:51,0
DA:52,0
DA:53,0
BRDA:32,86,1,0
BRDA:32,86,0,0
BRDA:43,224,1,0
BRDA:43,224,0,0
BRDA:48,289,1,0
BRDA:48,289,0,0
BRDA:52,352,1,0
BRDA:52,352,0,0
FN:65,System.Void AdvancedCsharpConcepts.Intermediate.CovarianceContravariance.VarianceExamples::ContravarianceExample()
FNDA:0,System.Void AdvancedCsharpConcepts.Intermediate.CovarianceContravariance.VarianceExamples::ContravarianceExample()
DA:66,0
DA:68,0
DA:81,0
DA:84,0
DA:85,0
DA:86,0
LF:30
LH:0
BRF:8
BRH:0
FNF:2
FNH:0
end_of_record
SF:/Users/dogaaydin/CSharp-Covariance-Polymorphism-Exercises/src/AdvancedConcepts.Core/Intermediate/BoxingUnboxing/BoxingUnboxing.cs
FN:30,System.Void AdvancedCsharpConcepts.Intermediate.BoxingUnboxing.BoxingUnboxingExamples::BoxingUnboxingExample()
FNDA:0,System.Void AdvancedCsharpConcepts.Intermediate.BoxingUnboxing.BoxingUnboxingExamples::BoxingUnboxingExample()
DA:31,0
DA:33,0
DA:34,0
DA:36,0
DA:37,0
DA:39,0
DA:40,0
DA:44,0
DA:45,0
DA:46,0
DA:47,0
FN:62,System.Void AdvancedCsharpConcepts.Intermediate.BoxingUnboxing.BoxingUnboxingExamples::ArrayListExample()
FNDA:0,System.Void AdvancedCsharpConcepts.Intermediate.BoxingUnboxing.BoxingUnboxingExamples::ArrayListExample()
DA:63,0
DA:65,0
DA:68,0
DA:69,0
DA:70,0
DA:73,0
DA:74,0
DA:75,0
DA:78,0
DA:79,0
DA:81,0
DA:82,0
DA:84,0
DA:86,0
DA:87,0
DA:88,0
DA:89,0
DA:94,0
DA:95,0
BRDA:73,317,1,0
BRDA:75,89,0,0
BRDA:75,89,1,0
BRDA:75,112,0,0
BRDA:75,121,0,0
BRDA:75,112,1,0
BRDA:75,121,1,0
BRDA:73,317,0,0
LF:30
LH:0
BRF:8
BRH:0
FNF:2
FNH:0
end_of_record
SF:/Users/dogaaydin/CSharp-Covariance-Polymorphism-Exercises/src/AdvancedConcepts.Core/Beginner/Upcast-Downcast/Employee.cs
FN:8,System.Void AdvancedCsharpConcepts.Beginner.Upcast_Downcast.Employee::DisplayInfo()
FNDA:0,System.Void AdvancedCsharpConcepts.Beginner.Upcast_Downcast.Employee::DisplayInfo()
DA:9,0
DA:10,0
DA:11,0
LF:3
LH:0
BRF:0
BRH:0
FNF:1
FNH:0
end_of_record
SF:/Users/dogaaydin/CSharp-Covariance-Polymorphism-Exercises/src/AdvancedConcepts.Core/Beginner/Upcast-Downcast/Manager.cs
FN:10,System.Void AdvancedCsharpConcepts.Beginner.Upcast_Downcast.Manager::DownCast()
FNDA:0,System.Void AdvancedCsharpConcepts.Beginner.Upcast_Downcast.Manager::DownCast()
DA:11,0
DA:13,0
DA:14,0
DA:15,0
DA:16,0
DA:17,0
DA:18,0
DA:21,0
DA:24,0
DA:25,0
DA:29,0
DA:30,0
DA:31,0
DA:32,0
DA:33,0
DA:35,0
DA:36,0
DA:37,0
DA:38,0
BRDA:29,70,0,0
BRDA:29,70,1,0
LF:19
LH:0
BRF:2
BRH:0
FNF:1
FNH:0
end_of_record
SF:/Users/dogaaydin/CSharp-Covariance-Polymorphism-Exercises/src/AdvancedConcepts.Core/Beginner/Polymorphism-AssignCompatibility/Animal.cs
FN:18,System.Void AdvancedCsharpConcepts.Beginner.Polymorphism_AssignCompatibility.Animal::Speak()
FNDA:0,System.Void AdvancedCsharpConcepts.Beginner.Polymorphism_AssignCompatibility.Animal::Speak()
DA:19,0
DA:20,0
DA:21,0
LF:3
LH:0
BRF:0
BRH:0
FNF:1
FNH:0
end_of_record
SF:/Users/dogaaydin/CSharp-Covariance-Polymorphism-Exercises/src/AdvancedConcepts.Core/Beginner/Polymorphism-AssignCompatibility/AssignmentCompatibility.cs
FN:30,System.Void AdvancedCsharpConcepts.Beginner.Polymorphism_AssignCompatibility.AssignmentCompatibility::TypeChecking()
FNDA:0,System.Void AdvancedCsharpConcepts.Beginner.Polymorphism_AssignCompatibility.AssignmentCompatibility::TypeChecking()
DA:31,0
DA:32,0
DA:33,0
DA:35,0
DA:36,0
BRDA:32,17,0,0
BRDA:32,17,1,0
FN:5,System.Void AdvancedCsharpConcepts.Beginner.Polymorphism_AssignCompatibility.AssignmentCompatibility::.ctor()
FNDA:0,System.Void AdvancedCsharpConcepts.Beginner.Polymorphism_AssignCompatibility.AssignmentCompatibility::.ctor()
DA:6,0
DA:22,0
DA:23,0
DA:24,0
DA:25,0
LF:10
LH:0
BRF:2
BRH:0
FNF:2
FNH:0
end_of_record
SF:/Users/dogaaydin/CSharp-Covariance-Polymorphism-Exercises/src/AdvancedConcepts.Core/Beginner/Polymorphism-AssignCompatibility/Cat.cs
FN:18,System.Void AdvancedCsharpConcepts.Beginner.Polymorphism_AssignCompatibility.Cat::Speak()
FNDA:0,System.Void AdvancedCsharpConcepts.Beginner.Polymorphism_AssignCompatibility.Cat::Speak()
DA:19,0
DA:20,0
DA:21,0
LF:3
LH:0
BRF:0
BRH:0
FNF:1
FNH:0
end_of_record
SF:/Users/dogaaydin/CSharp-Covariance-Polymorphism-Exercises/src/AdvancedConcepts.Core/Beginner/Polymorphism-AssignCompatibility/Dog.cs
FN:18,System.Void AdvancedCsharpConcepts.Beginner.Polymorphism_AssignCompatibility.Dog::Speak()
FNDA:0,System.Void AdvancedCsharpConcepts.Beginner.Polymorphism_AssignCompatibility.Dog::Speak()
DA:19,0
DA:20,0
DA:21,0
LF:3
LH:0
BRF:0
BRH:0
FNF:1
FNH:0
end_of_record
SF:/Users/dogaaydin/CSharp-Covariance-Polymorphism-Exercises/src/AdvancedConcepts.Core/Beginner/Override-Upcast-Downcast/Bike.cs
FN:12,System.Void AdvancedCsharpConcepts.Beginner.Override_Upcast_Downcast.Bike::Drive()
FNDA:0,System.Void AdvancedCsharpConcepts.Beginner.Override_Upcast_Downcast.Bike::Drive()
DA:13,0
DA:14,0
DA:15,0
FN:20,System.Void AdvancedCsharpConcepts.Beginner.Override_Upcast_Downcast.Bike::DisplayInfo()
FNDA:0,System.Void AdvancedCsharpConcepts.Beginner.Override_Upcast_Downcast.Bike::DisplayInfo()
DA:21,0
DA:22,0
DA:23,0
LF:6
LH:0
BRF:0
BRH:0
FNF:2
FNH:0
end_of_record
SF:/Users/dogaaydin/CSharp-Covariance-Polymorphism-Exercises/src/AdvancedConcepts.Core/Beginner/Override-Upcast-Downcast/Car.cs
FN:12,System.Void AdvancedCsharpConcepts.Beginner.Override_Upcast_Downcast.Car::Drive()
FNDA:0,System.Void AdvancedCsharpConcepts.Beginner.Override_Upcast_Downcast.Car::Drive()
DA:13,0
DA:14,0
DA:15,0
FN:20,System.Void AdvancedCsharpConcepts.Beginner.Override_Upcast_Downcast.Car::DisplayInfo()
FNDA:0,System.Void AdvancedCsharpConcepts.Beginner.Override_Upcast_Downcast.Car::DisplayInfo()
DA:21,0
DA:22,0
DA:23,0
FN:35,System.Void AdvancedCsharpConcepts.Beginner.Override_Upcast_Downcast.Car::CastExample()
FNDA:0,System.Void AdvancedCsharpConcepts.Beginner.Override_Upcast_Downcast.Car::CastExample()
DA:36,0
DA:38,0
DA:39,0
DA:42,0
DA:43,0
DA:46,0
DA:47,0
DA:48,0
DA:49,0
DA:50,0
DA:52,0
DA:53,0
DA:54,0
DA:58,0
DA:59,0
DA:60,0
DA:61,0
DA:62,0
DA:63,0
DA:64,0
DA:65,0
DA:66,0
DA:67,0
BRDA:46,44,0,0
BRDA:46,44,1,0
LF:29
LH:0
BRF:2
BRH:0
FNF:3
FNH:0
end_of_record
SF:/Users/dogaaydin/CSharp-Covariance-Polymorphism-Exercises/src/AdvancedConcepts.Core/Beginner/Override-Upcast-Downcast/Vehicle.cs
FN:13,System.Void AdvancedCsharpConcepts.Beginner.Override_Upcast_Downcast.Vehicle::Drive()
FNDA:0,System.Void AdvancedCsharpConcepts.Beginner.Override_Upcast_Downcast.Vehicle::Drive()
DA:14,0
DA:15,0
DA:16,0
FN:22,System.Void AdvancedCsharpConcepts.Beginner.Override_Upcast_Downcast.Vehicle::DisplayInfo()
FNDA:0,System.Void AdvancedCsharpConcepts.Beginner.Override_Upcast_Downcast.Vehicle::DisplayInfo()
DA:23,0
DA:24,0
DA:25,0
LF:6
LH:0
BRF:0
BRH:0
FNF:2
FNH:0
end_of_record
SF:/Users/dogaaydin/CSharp-Covariance-Polymorphism-Exercises/src/AdvancedConcepts.Core/Advanced/SOLIDPrinciples/SOLIDPrinciplesExamples.cs
FN:354,System.Void AdvancedCsharpConcepts.Advanced.SOLIDPrinciples.SOLIDPrinciplesExamples::RunExamples()
FNDA:0,System.Void AdvancedCsharpConcepts.Advanced.SOLIDPrinciples.SOLIDPrinciplesExamples::RunExamples()
DA:355,0
DA:356,0
DA:359,0
DA:360,0
DA:361,0
DA:362,0
DA:363,0
DA:365,0
DA:366,0
DA:369,0
DA:370,0
DA:371,0
DA:372,0
DA:373,0
DA:374,0
DA:375,0
DA:377,0
DA:378,0
DA:379,0
DA:382,0
DA:383,0
DA:384,0
DA:385,0
DA:387,0
DA:388,0
DA:389,0
DA:392,0
DA:393,0
DA:394,0
DA:395,0
DA:397,0
DA:398,0
DA:401,0
DA:402,0
DA:403,0
DA:405,0
DA:406,0
DA:408,0
DA:409,0
DA:411,0
DA:412,0
FN:16,System.Void AdvancedCsharpConcepts.Advanced.SOLIDPrinciples.SOLIDPrinciplesExamples/BadUserService::CreateUser(System.String,System.String)
FNDA:0,System.Void AdvancedCsharpConcepts.Advanced.SOLIDPrinciples.SOLIDPrinciplesExamples/BadUserService::CreateUser(System.String,System.String)
DA:17,0
DA:19,0
DA:22,0
DA:25,0
DA:28,0
DA:29,0
BRDA:19,9,0,0
BRDA:19,9,1,0
FN:48,System.Void AdvancedCsharpConcepts.Advanced.SOLIDPrinciples.SOLIDPrinciplesExamples/UserValidator::Validate(AdvancedCsharpConcepts.Advanced.SOLIDPrinciples.SOLIDPrinciplesExamples/User)
FNDA:0,System.Void AdvancedCsharpConcepts.Advanced.SOLIDPrinciples.SOLIDPrinciplesExamples/UserValidator::Validate(AdvancedCsharpConcepts.Advanced.SOLIDPrinciples.SOLIDPrinciplesExamples/User)
DA:49,0
DA:50,0
DA:51,0
DA:52,0
DA:53,0
DA:54,0
BRDA:50,14,0,0
BRDA:50,14,1,0
BRDA:52,40,0,0
BRDA:52,40,1,0
FN:64,System.Void AdvancedCsharpConcepts.Advanced.SOLIDPrinciples.SOLIDPrinciplesExamples/UserRepository::Save(AdvancedCsharpConcepts.Advanced.SOLIDPrinciples.SOLIDPrinciplesExamples/User)
FNDA:0,System.Void AdvancedCsharpConcepts.Advanced.SOLIDPrinciples.SOLIDPrinciplesExamples/UserRepository::Save(AdvancedCsharpConcepts.Advanced.SOLIDPrinciples.SOLIDPrinciplesExamples/User)
DA:65,0
DA:66,0
DA:67,0
FN:77,System.Void AdvancedCsharpConcepts.Advanced.SOLIDPrinciples.SOLIDPrinciplesExamples/EmailService::SendWelcomeEmail(AdvancedCsharpConcepts.Advanced.SOLIDPrinciples.SOLIDPrinciplesExamples/User)
FNDA:0,System.Void AdvancedCsharpConcepts.Advanced.SOLIDPrinciples.SOLIDPrinciplesExamples/EmailService::SendWelcomeEmail(AdvancedCsharpConcepts.Advanced.SOLIDPrinciples.SOLIDPrinciplesExamples/User)
DA:78,0
DA:79,0
DA:80,0
FN:99,System.Void AdvancedCsharpConcepts.Advanced.SOLIDPrinciples.SOLIDPrinciplesExamples/GoodUserService::CreateUser(AdvancedCsharpConcepts.Advanced.SOLIDPrinciples.SOLIDPrinciplesExamples/User)
FNDA:0,System.Void AdvancedCsharpConcepts.Advanced.SOLIDPrinciples.SOLIDPrinciplesExamples/GoodUserService::CreateUser(AdvancedCsharpConcepts.Advanced.SOLIDPrinciples.SOLIDPrinciplesExamples/User)
DA:100,0
DA:101,0
DA:102,0
DA:103,0
DA:104,0
FN:88,System.Void AdvancedCsharpConcepts.Advanced.SOLIDPrinciples.SOLIDPrinciplesExamples/GoodUserService::.ctor(AdvancedCsharpConcepts.Advanced.SOLIDPrinciples.SOLIDPrinciplesExamples/IUserValidator,AdvancedCsharpConcepts.Advanced.SOLIDPrinciples.SOLIDPrinciplesExamples/IUserRepository,AdvancedCsharpConcepts.Advanced.SOLIDPrinciples.SOLIDPrinciplesExamples/IEmailService)
FNDA:0,System.Void AdvancedCsharpConcepts.Advanced.SOLIDPrinciples.SOLIDPrinciplesExamples/GoodUserService::.ctor(AdvancedCsharpConcepts.Advanced.SOLIDPrinciples.SOLIDPrinciplesExamples/IUserValidator,AdvancedCsharpConcepts.Advanced.SOLIDPrinciples.SOLIDPrinciplesExamples/IUserRepository,AdvancedCsharpConcepts.Advanced.SOLIDPrinciples.SOLIDPrinciplesExamples/IEmailService)
DA:89,0
DA:90,0
DA:91,0
DA:92,0
DA:93,0
DA:94,0
DA:95,0
DA:96,0
DA:97,0
FN:116,System.Double AdvancedCsharpConcepts.Advanced.SOLIDPrinciples.SOLIDPrinciplesExamples/BadAreaCalculator::CalculateArea(System.Object)
FNDA:0,System.Double AdvancedCsharpConcepts.Advanced.SOLIDPrinciples.SOLIDPrinciplesExamples/BadAreaCalculator::CalculateArea(System.Object)
DA:117,0
DA:118,0
DA:119,0
DA:120,0
DA:121,0
DA:123,0
DA:124,0
BRDA:118,14,0,0
BRDA:118,14,1,0
BRDA:120,57,0,0
BRDA:120,57,1,0
FN:137,System.Double AdvancedCsharpConcepts.Advanced.SOLIDPrinciples.SOLIDPrinciplesExamples/Circle::CalculateArea()
FNDA:0,System.Double AdvancedCsharpConcepts.Advanced.SOLIDPrinciples.SOLIDPrinciplesExamples/Circle::CalculateArea()
DA:138,0
FN:144,System.Double AdvancedCsharpConcepts.Advanced.SOLIDPrinciples.SOLIDPrinciplesExamples/Rectangle::CalculateArea()
FNDA:0,System.Double AdvancedCsharpConcepts.Advanced.SOLIDPrinciples.SOLIDPrinciplesExamples/Rectangle::CalculateArea()
DA:145,0
FN:151,System.Double AdvancedCsharpConcepts.Advanced.SOLIDPrinciples.SOLIDPrinciplesExamples/Triangle::CalculateArea()
FNDA:0,System.Double AdvancedCsharpConcepts.Advanced.SOLIDPrinciples.SOLIDPrinciplesExamples/Triangle::CalculateArea()
DA:152,0
FN:157,System.Double AdvancedCsharpConcepts.Advanced.SOLIDPrinciples.SOLIDPrinciplesExamples/GoodAreaCalculator::CalculateTotalArea(System.Collections.Generic.IEnumerable`1<AdvancedCsharpConcepts.Advanced.SOLIDPrinciples.SOLIDPrinciplesExamples/IShape>)
FNDA:0,System.Double AdvancedCsharpConcepts.Advanced.SOLIDPrinciples.SOLIDPrinciplesExamples/GoodAreaCalculator::CalculateTotalArea(System.Collections.Generic.IEnumerable`1<AdvancedCsharpConcepts.Advanced.SOLIDPrinciples.SOLIDPrinciplesExamples/IShape>)
DA:158,0
DA:159,0
DA:160,0
FN:172,System.Void AdvancedCsharpConcepts.Advanced.SOLIDPrinciples.SOLIDPrinciplesExamples/BadBird::Fly()
FNDA:0,System.Void AdvancedCsharpConcepts.Advanced.SOLIDPrinciples.SOLIDPrinciplesExamples/BadBird::Fly()
DA:173,0
DA:174,0
DA:175,0
FN:180,System.Void AdvancedCsharpConcepts.Advanced.SOLIDPrinciples.SOLIDPrinciplesExamples/BadPenguin::Fly()
FNDA:0,System.Void AdvancedCsharpConcepts.Advanced.SOLIDPrinciples.SOLIDPrinciplesExamples/BadPenguin::Fly()
DA:181,0
DA:182,0
FN:205,System.Void AdvancedCsharpConcepts.Advanced.SOLIDPrinciples.SOLIDPrinciplesExamples/Sparrow::Eat()
FNDA:0,System.Void AdvancedCsharpConcepts.Advanced.SOLIDPrinciples.SOLIDPrinciplesExamples/Sparrow::Eat()
DA:206,0
FN:206,System.Void AdvancedCsharpConcepts.Advanced.SOLIDPrinciples.SOLIDPrinciplesExamples/Sparrow::Fly()
FNDA:0,System.Void AdvancedCsharpConcepts.Advanced.SOLIDPrinciples.SOLIDPrinciplesExamples/Sparrow::Fly()
DA:207,0
FN:211,System.Void AdvancedCsharpConcepts.Advanced.SOLIDPrinciples.SOLIDPrinciplesExamples/Penguin::Eat()
FNDA:0,System.Void AdvancedCsharpConcepts.Advanced.SOLIDPrinciples.SOLIDPrinciplesExamples/Penguin::Eat()
DA:212,0
FN:212,System.Void AdvancedCsharpConcepts.Advanced.SOLIDPrinciples.SOLIDPrinciplesExamples/Penguin::Swim()
FNDA:0,System.Void AdvancedCsharpConcepts.Advanced.SOLIDPrinciples.SOLIDPrinciplesExamples/Penguin::Swim()
DA:213,0
FN:231,System.Void AdvancedCsharpConcepts.Advanced.SOLIDPrinciples.SOLIDPrinciplesExamples/BadHumanWorker::Work()
FNDA:0,System.Void AdvancedCsharpConcepts.Advanced.SOLIDPrinciples.SOLIDPrinciplesExamples/BadHumanWorker::Work()
DA:232,0
FN:232,System.Void AdvancedCsharpConcepts.Advanced.SOLIDPrinciples.SOLIDPrinciplesExamples/BadHumanWorker::Eat()
FNDA:0,System.Void AdvancedCsharpConcepts.Advanced.SOLIDPrinciples.SOLIDPrinciplesExamples/BadHumanWorker::Eat()
DA:233,0
FN:233,System.Void AdvancedCsharpConcepts.Advanced.SOLIDPrinciples.SOLIDPrinciplesExamples/BadHumanWorker::Sleep()
FNDA:0,System.Void AdvancedCsharpConcepts.Advanced.SOLIDPrinciples.SOLIDPrinciplesExamples/BadHumanWorker::Sleep()
DA:234,0
FN:238,System.Void AdvancedCsharpConcepts.Advanced.SOLIDPrinciples.SOLIDPrinciplesExamples/BadRobotWorker::Work()
FNDA:0,System.Void AdvancedCsharpConcepts.Advanced.SOLIDPrinciples.SOLIDPrinciplesExamples/BadRobotWorker::Work()
DA:239,0
FN:239,System.Void AdvancedCsharpConcepts.Advanced.SOLIDPrinciples.SOLIDPrinciplesExamples/BadRobotWorker::Eat()
FNDA:0,System.Void AdvancedCsharpConcepts.Advanced.SOLIDPrinciples.SOLIDPrinciplesExamples/BadRobotWorker::Eat()
DA:240,0
FN:240,System.Void AdvancedCsharpConcepts.Advanced.SOLIDPrinciples.SOLIDPrinciplesExamples/BadRobotWorker::Sleep()
FNDA:0,System.Void AdvancedCsharpConcepts.Advanced.SOLIDPrinciples.SOLIDPrinciplesExamples/BadRobotWorker::Sleep()
DA:241,0
FN:263,System.Void AdvancedCsharpConcepts.Advanced.SOLIDPrinciples.SOLIDPrinciplesExamples/GoodHumanWorker::Work()
FNDA:0,System.Void AdvancedCsharpConcepts.Advanced.SOLIDPrinciples.SOLIDPrinciplesExamples/GoodHumanWorker::Work()
DA:264,0
FN:264,System.Void AdvancedCsharpConcepts.Advanced.SOLIDPrinciples.SOLIDPrinciplesExamples/GoodHumanWorker::Eat()
FNDA:0,System.Void AdvancedCsharpConcepts.Advanced.SOLIDPrinciples.SOLIDPrinciplesExamples/GoodHumanWorker::Eat()
DA:265,0
FN:265,System.Void AdvancedCsharpConcepts.Advanced.SOLIDPrinciples.SOLIDPrinciplesExamples/GoodHumanWorker::Sleep()
FNDA:0,System.Void AdvancedCsharpConcepts.Advanced.SOLIDPrinciples.SOLIDPrinciplesExamples/GoodHumanWorker::Sleep()
DA:266,0
FN:270,System.Void AdvancedCsharpConcepts.Advanced.SOLIDPrinciples.SOLIDPrinciplesExamples/GoodRobotWorker::Work()
FNDA:0,System.Void AdvancedCsharpConcepts.Advanced.SOLIDPrinciples.SOLIDPrinciplesExamples/GoodRobotWorker::Work()
DA:271,0
FN:283,System.Void AdvancedCsharpConcepts.Advanced.SOLIDPrinciples.SOLIDPrinciplesExamples/BadSqlDatabase::Save(System.String)
FNDA:0,System.Void AdvancedCsharpConcepts.Advanced.SOLIDPrinciples.SOLIDPrinciplesExamples/BadSqlDatabase::Save(System.String)
DA:284,0
DA:285,0
DA:286,0
FN:293,System.Void AdvancedCsharpConcepts.Advanced.SOLIDPrinciples.SOLIDPrinciplesExamples/BadBusinessLogic::ProcessData(System.String)
FNDA:0,System.Void AdvancedCsharpConcepts.Advanced.SOLIDPrinciples.SOLIDPrinciplesExamples/BadBusinessLogic::ProcessData(System.String)
DA:294,0
DA:296,0
DA:297,0
DA:298,0
FN:290,System.Void AdvancedCsharpConcepts.Advanced.SOLIDPrinciples.SOLIDPrinciplesExamples/BadBusinessLogic::.ctor()
FNDA:0,System.Void AdvancedCsharpConcepts.Advanced.SOLIDPrinciples.SOLIDPrinciplesExamples/BadBusinessLogic::.ctor()
DA:291,0
FN:311,System.Void AdvancedCsharpConcepts.Advanced.SOLIDPrinciples.SOLIDPrinciplesExamples/SqlDatabase::Save(System.String)
FNDA:0,System.Void AdvancedCsharpConcepts.Advanced.SOLIDPrinciples.SOLIDPrinciplesExamples/SqlDatabase::Save(System.String)
DA:312,0
DA:313,0
DA:314,0
FN:319,System.Void AdvancedCsharpConcepts.Advanced.SOLIDPrinciples.SOLIDPrinciplesExamples/MongoDatabase::Save(System.String)
FNDA:0,System.Void AdvancedCsharpConcepts.Advanced.SOLIDPrinciples.SOLIDPrinciplesExamples/MongoDatabase::Save(System.String)
DA:320,0
DA:321,0
DA:322,0
FN:327,System.Void AdvancedCsharpConcepts.Advanced.SOLIDPrinciples.SOLIDPrinciplesExamples/InMemoryDatabase::Save(System.String)
FNDA:0,System.Void AdvancedCsharpConcepts.Advanced.SOLIDPrinciples.SOLIDPrinciplesExamples/InMemoryDatabase::Save(System.String)
DA:328,0
DA:329,0
DA:330,0
FN:342,System.Void AdvancedCsharpConcepts.Advanced.SOLIDPrinciples.SOLIDPrinciplesExamples/GoodBusinessLogic::ProcessData(System.String)
FNDA:0,System.Void AdvancedCsharpConcepts.Advanced.SOLIDPrinciples.SOLIDPrinciplesExamples/GoodBusinessLogic::ProcessData(System.String)
DA:343,0
DA:344,0
DA:345,0
DA:346,0
FN:336,System.Void AdvancedCsharpConcepts.Advanced.SOLIDPrinciples.SOLIDPrinciplesExamples/GoodBusinessLogic::.ctor(AdvancedCsharpConcepts.Advanced.SOLIDPrinciples.SOLIDPrinciplesExamples/IDatabase)
FNDA:0,System.Void AdvancedCsharpConcepts.Advanced.SOLIDPrinciples.SOLIDPrinciplesExamples/GoodBusinessLogic::.ctor(AdvancedCsharpConcepts.Advanced.SOLIDPrinciples.SOLIDPrinciplesExamples/IDatabase)
DA:337,0
DA:338,0
DA:339,0
DA:340,0
LF:130
LH:0
BRF:10
BRH:0
FNF:36
FNH:0
end_of_record
SF:/Users/dogaaydin/CSharp-Covariance-Polymorphism-Exercises/src/AdvancedConcepts.Core/Advanced/Resilience/FluentValidationExamples.cs
FN:267,System.Void AdvancedCsharpConcepts.Advanced.Resilience.FluentValidationExamples::PrintValidationResult(FluentValidation.Results.ValidationResult)
FNDA:0,System.Void AdvancedCsharpConcepts.Advanced.Resilience.FluentValidationExamples::PrintValidationResult(FluentValidation.Results.ValidationResult)
DA:268,0
DA:269,0
DA:270,0
DA:271,0
DA:272,0
DA:274,0
DA:275,0
DA:276,0
DA:277,0
DA:278,0
DA:279,0
DA:280,0
DA:281,0
BRDA:269,9,0,0
BRDA:269,9,1,0
BRDA:276,163,1,0
BRDA:276,163,0,0
FN:14,System.Void AdvancedCsharpConcepts.Advanced.Resilience.FluentValidationExamples/Customer::.ctor(System.String,System.String,System.String,System.Int32,System.String,AdvancedCsharpConcepts.Advanced.Resilience.FluentValidationExamples/Address)
FNDA:0,System.Void AdvancedCsharpConcepts.Advanced.Resilience.FluentValidationExamples/Customer::.ctor(System.String,System.String,System.String,System.Int32,System.String,AdvancedCsharpConcepts.Advanced.Resilience.FluentValidationExamples/Address)
DA:15,0
DA:16,0
DA:17,0
DA:18,0
DA:19,0
DA:20,0
DA:21,0
FN:22,System.Void AdvancedCsharpConcepts.Advanced.Resilience.FluentValidationExamples/Address::.ctor(System.String,System.String,System.String,System.String)
FNDA:0,System.Void AdvancedCsharpConcepts.Advanced.Resilience.FluentValidationExamples/Address::.ctor(System.String,System.String,System.String,System.String)
DA:23,0
DA:24,0
DA:25,0
DA:26,0
DA:27,0
FN:28,System.Void AdvancedCsharpConcepts.Advanced.Resilience.FluentValidationExamples/Order::.ctor(System.String,AdvancedCsharpConcepts.Advanced.Resilience.FluentValidationExamples/Customer,System.Collections.Generic.List`1<AdvancedCsharpConcepts.Advanced.Resilience.FluentValidationExamples/OrderItem>,System.Decimal,System.DateTime)
FNDA:0,System.Void AdvancedCsharpConcepts.Advanced.Resilience.FluentValidationExamples/Order::.ctor(System.String,AdvancedCsharpConcepts.Advanced.Resilience.FluentValidationExamples/Customer,System.Collections.Generic.List`1<AdvancedCsharpConcepts.Advanced.Resilience.FluentValidationExamples/OrderItem>,System.Decimal,System.DateTime)
DA:29,0
DA:30,0
DA:31,0
DA:32,0
DA:33,0
DA:34,0
FN:35,System.Void AdvancedCsharpConcepts.Advanced.Resilience.FluentValidationExamples/OrderItem::.ctor(System.String,System.Int32,System.Decimal)
FNDA:0,System.Void AdvancedCsharpConcepts.Advanced.Resilience.FluentValidationExamples/OrderItem::.ctor(System.String,System.Int32,System.Decimal)
DA:36,0
DA:37,0
DA:38,0
DA:39,0
FN:79,System.Boolean AdvancedCsharpConcepts.Advanced.Resilience.FluentValidationExamples/CustomerValidator::BeAValidAge(System.Int32)
FNDA:0,System.Boolean AdvancedCsharpConcepts.Advanced.Resilience.FluentValidationExamples/CustomerValidator::BeAValidAge(System.Int32)
DA:80,0
DA:81,0
DA:82,0
BRDA:81,3,0,0
BRDA:81,3,1,0
FN:45,System.Void AdvancedCsharpConcepts.Advanced.Resilience.FluentValidationExamples/CustomerValidator::.ctor()
FNDA:0,System.Void AdvancedCsharpConcepts.Advanced.Resilience.FluentValidationExamples/CustomerValidator::.ctor()
DA:46,0
DA:47,0
DA:49,0
DA:50,0
DA:51,0
DA:52,0
DA:54,0
DA:55,0
DA:56,0
DA:59,0
DA:60,0
DA:61,0
DA:64,0
DA:65,0
DA:66,0
DA:69,0
DA:70,0
DA:71,0
DA:72,0
DA:75,0
DA:76,0
DA:77,0
FN:109,System.Boolean AdvancedCsharpConcepts.Advanced.Resilience.FluentValidationExamples/AddressValidator::BeAValidCountry(System.String)
FNDA:0,System.Boolean AdvancedCsharpConcepts.Advanced.Resilience.FluentValidationExamples/AddressValidator::BeAValidCountry(System.String)
DA:110,0
DA:111,0
DA:112,0
DA:113,0
FN:89,System.Void AdvancedCsharpConcepts.Advanced.Resilience.FluentValidationExamples/AddressValidator::.ctor()
FNDA:0,System.Void AdvancedCsharpConcepts.Advanced.Resilience.FluentValidationExamples/AddressValidator::.ctor()
DA:90,0
DA:91,0
DA:92,0
DA:93,0
DA:94,0
DA:96,0
DA:97,0
DA:99,0
DA:100,0
DA:101,0
DA:102,0
DA:104,0
DA:105,0
DA:106,0
DA:107,0
FN:151,System.Boolean AdvancedCsharpConcepts.Advanced.Resilience.FluentValidationExamples/OrderValidator::HaveValidQuantities(System.Collections.Generic.List`1<AdvancedCsharpConcepts.Advanced.Resilience.FluentValidationExamples/OrderItem>)
FNDA:0,System.Boolean AdvancedCsharpConcepts.Advanced.Resilience.FluentValidationExamples/OrderValidator::HaveValidQuantities(System.Collections.Generic.List`1<AdvancedCsharpConcepts.Advanced.Resilience.FluentValidationExamples/OrderItem>)
DA:152,0
DA:153,0
DA:154,0
FN:156,System.Decimal AdvancedCsharpConcepts.Advanced.Resilience.FluentValidationExamples/OrderValidator::CalculateTotal(System.Collections.Generic.List`1<AdvancedCsharpConcepts.Advanced.Resilience.FluentValidationExamples/OrderItem>)
FNDA:0,System.Decimal AdvancedCsharpConcepts.Advanced.Resilience.FluentValidationExamples/OrderValidator::CalculateTotal(System.Collections.Generic.List`1<AdvancedCsharpConcepts.Advanced.Resilience.FluentValidationExamples/OrderItem>)
DA:157,0
DA:158,0
DA:159,0
FN:120,System.Void AdvancedCsharpConcepts.Advanced.Resilience.FluentValidationExamples/OrderValidator::.ctor()
FNDA:0,System.Void AdvancedCsharpConcepts.Advanced.Resilience.FluentValidationExamples/OrderValidator::.ctor()
DA:121,0
DA:122,0
DA:123,0
DA:124,0
DA:125,0
DA:127,0
DA:128,0
DA:129,0
DA:132,0
DA:133,0
DA:134,0
DA:137,0
DA:138,0
DA:141,0
DA:142,0
DA:143,0
DA:144,0
DA:146,0
DA:147,0
DA:148,0
DA:149,0
FN:166,System.Void AdvancedCsharpConcepts.Advanced.Resilience.FluentValidationExamples/OrderItemValidator::.ctor()
FNDA:0,System.Void AdvancedCsharpConcepts.Advanced.Resilience.FluentValidationExamples/OrderItemValidator::.ctor()
DA:167,0
DA:168,0
DA:169,0
DA:170,0
DA:171,0
DA:173,0
DA:174,0
DA:175,0
DA:177,0
DA:178,0
DA:179,0
DA:180,0
LF:118
LH:0
BRF:6
BRH:0
FNF:13
FNH:0
end_of_record
SF:/Users/dogaaydin/CSharp-Covariance-Polymorphism-Exercises/src/AdvancedConcepts.Core/Advanced/Resilience/PollyResiliencePatterns.cs
FN:53,System.Void AdvancedCsharpConcepts.Advanced.Resilience.PollyResiliencePatterns/CircuitBreakerExample::.cctor()
FNDA:0,System.Void AdvancedCsharpConcepts.Advanced.Resilience.PollyResiliencePatterns/CircuitBreakerExample::.cctor()
DA:54,0
DA:55,0
DA:56,0
DA:57,0
DA:58,0
DA:59,0
DA:60,0
DA:61,0
DA:62,0
DA:63,0
DA:64,0
DA:65,0
DA:66,0
DA:67,0
DA:68,0
DA:69,0
DA:70,0
DA:71,0
DA:72,0
DA:73,0
DA:74,0
DA:75,0
DA:76,0
DA:77,0
FN:129,System.Void AdvancedCsharpConcepts.Advanced.Resilience.PollyResiliencePatterns/CombinedPoliciesExample::.cctor()
FNDA:0,System.Void AdvancedCsharpConcepts.Advanced.Resilience.PollyResiliencePatterns/CombinedPoliciesExample::.cctor()
DA:130,0
DA:131,0
DA:132,0
DA:133,0
DA:134,0
DA:135,0
DA:136,0
DA:137,0
DA:138,0
DA:139,0
DA:140,0
DA:141,0
DA:142,0
DA:143,0
DA:144,0
DA:145,0
DA:146,0
DA:147,0
DA:148,0
LF:43
LH:0
BRF:0
BRH:0
FNF:2
FNH:0
end_of_record
SF:/Users/dogaaydin/CSharp-Covariance-Polymorphism-Exercises/src/AdvancedConcepts.Core/Advanced/Resilience/ResultPattern.cs
FN:26,System.Boolean AdvancedCsharpConcepts.Advanced.Resilience.Result`2::get_IsSuccess()
FNDA:0,System.Boolean AdvancedCsharpConcepts.Advanced.Resilience.Result`2::get_IsSuccess()
DA:27,0
FN:27,System.Boolean AdvancedCsharpConcepts.Advanced.Resilience.Result`2::get_IsFailure()
FNDA:0,System.Boolean AdvancedCsharpConcepts.Advanced.Resilience.Result`2::get_IsFailure()
DA:28,0
FN:29,T AdvancedCsharpConcepts.Advanced.Resilience.Result`2::get_Value()
FNDA:0,T AdvancedCsharpConcepts.Advanced.Resilience.Result`2::get_Value()
DA:30,0
DA:31,0
DA:32,0
BRDA:30,6,0,0
BRDA:30,6,1,0
FN:33,TError AdvancedCsharpConcepts.Advanced.Resilience.Result`2::get_Error()
FNDA:0,TError AdvancedCsharpConcepts.Advanced.Resilience.Result`2::get_Error()
DA:34,0
DA:35,0
DA:36,0
BRDA:34,6,0,0
BRDA:34,6,1,0
FN:37,AdvancedCsharpConcepts.Advanced.Resilience.Result`2<T,TError> AdvancedCsharpConcepts.Advanced.Resilience.Result`2::Success(T)
FNDA:0,AdvancedCsharpConcepts.Advanced.Resilience.Result`2<T,TError> AdvancedCsharpConcepts.Advanced.Resilience.Result`2::Success(T)
DA:38,0
FN:38,AdvancedCsharpConcepts.Advanced.Resilience.Result`2<T,TError> AdvancedCsharpConcepts.Advanced.Resilience.Result`2::Failure(TError)
FNDA:0,AdvancedCsharpConcepts.Advanced.Resilience.Result`2<T,TError> AdvancedCsharpConcepts.Advanced.Resilience.Result`2::Failure(TError)
DA:39,0
FN:44,AdvancedCsharpConcepts.Advanced.Resilience.Result`2<TNext,TError> AdvancedCsharpConcepts.Advanced.Resilience.Result`2::Then(System.Func`2<T,AdvancedCsharpConcepts.Advanced.Resilience.Result`2<TNext,TError>>)
FNDA:0,AdvancedCsharpConcepts.Advanced.Resilience.Result`2<TNext,TError> AdvancedCsharpConcepts.Advanced.Resilience.Result`2::Then(System.Func`2<T,AdvancedCsharpConcepts.Advanced.Resilience.Result`2<TNext,TError>>)
DA:45,0
DA:46,0
DA:47,0
BRDA:46,7,0,0
BRDA:46,7,1,0
FN:52,AdvancedCsharpConcepts.Advanced.Resilience.Result`2<TNext,TError> AdvancedCsharpConcepts.Advanced.Resilience.Result`2::Map(System.Func`2<T,TNext>)
FNDA:0,AdvancedCsharpConcepts.Advanced.Resilience.Result`2<TNext,TError> AdvancedCsharpConcepts.Advanced.Resilience.Result`2::Map(System.Func`2<T,TNext>)
DA:53,0
DA:54,0
DA:55,0
DA:56,0
DA:57,0
BRDA:54,7,0,0
BRDA:54,7,1,0
FN:62,AdvancedCsharpConcepts.Advanced.Resilience.Result`2<T,TError> AdvancedCsharpConcepts.Advanced.Resilience.Result`2::Match(System.Action`1<T>,System.Action`1<TError>)
FNDA:0,AdvancedCsharpConcepts.Advanced.Resilience.Result`2<T,TError> AdvancedCsharpConcepts.Advanced.Resilience.Result`2::Match(System.Action`1<T>,System.Action`1<TError>)
DA:63,0
DA:64,0
DA:65,0
DA:67,0
DA:69,0
DA:70,0
BRDA:64,9,0,0
BRDA:64,9,1,0
FN:75,TResult AdvancedCsharpConcepts.Advanced.Resilience.Result`2::Match(System.Func`2<T,TResult>,System.Func`2<TError,TResult>)
FNDA:0,TResult AdvancedCsharpConcepts.Advanced.Resilience.Result`2::Match(System.Func`2<T,TResult>,System.Func`2<TError,TResult>)
DA:76,0
DA:77,0
DA:78,0
BRDA:77,7,0,0
BRDA:77,7,1,0
FN:83,AdvancedCsharpConcepts.Advanced.Resilience.Result`2<T,TError> AdvancedCsharpConcepts.Advanced.Resilience.Result`2::Tap(System.Action`1<T>)
FNDA:0,AdvancedCsharpConcepts.Advanced.Resilience.Result`2<T,TError> AdvancedCsharpConcepts.Advanced.Resilience.Result`2::Tap(System.Action`1<T>)
DA:84,0
DA:85,0
DA:86,0
DA:87,0
DA:88,0
BRDA:85,9,0,0
BRDA:85,9,1,0
FN:90,System.String AdvancedCsharpConcepts.Advanced.Resilience.Result`2::ToString()
FNDA:0,System.String AdvancedCsharpConcepts.Advanced.Resilience.Result`2::ToString()
DA:91,0
DA:92,0
DA:93,0
DA:94,0
DA:95,0
BRDA:92,7,0,0
BRDA:92,7,1,0
FN:13,System.Void AdvancedCsharpConcepts.Advanced.Resilience.Result`2::.ctor(T)
FNDA:0,System.Void AdvancedCsharpConcepts.Advanced.Resilience.Result`2::.ctor(T)
DA:14,0
DA:15,0
DA:16,0
DA:17,0
DA:18,0
FN:20,System.Void AdvancedCsharpConcepts.Advanced.Resilience.Result`2::.ctor(TError)
FNDA:0,System.Void AdvancedCsharpConcepts.Advanced.Resilience.Result`2::.ctor(TError)
DA:21,0
DA:22,0
DA:23,0
DA:24,0
DA:25,0
FN:111,System.Boolean AdvancedCsharpConcepts.Advanced.Resilience.Result::get_IsSuccess()
FNDA:0,System.Boolean AdvancedCsharpConcepts.Advanced.Resilience.Result::get_IsSuccess()
DA:112,0
FN:112,System.Boolean AdvancedCsharpConcepts.Advanced.Resilience.Result::get_IsFailure()
FNDA:0,System.Boolean AdvancedCsharpConcepts.Advanced.Resilience.Result::get_IsFailure()
DA:113,0
FN:113,System.String AdvancedCsharpConcepts.Advanced.Resilience.Result::get_Error()
FNDA:0,System.String AdvancedCsharpConcepts.Advanced.Resilience.Result::get_Error()
DA:114,0
BRDA:114,7,0,0
BRDA:114,7,1,0
FN:115,AdvancedCsharpConcepts.Advanced.Resilience.Result AdvancedCsharpConcepts.Advanced.Resilience.Result::Success()
FNDA:0,AdvancedCsharpConcepts.Advanced.Resilience.Result AdvancedCsharpConcepts.Advanced.Resilience.Result::Success()
DA:116,0
FN:116,AdvancedCsharpConcepts.Advanced.Resilience.Result AdvancedCsharpConcepts.Advanced.Resilience.Result::Failure(System.String)
FNDA:0,AdvancedCsharpConcepts.Advanced.Resilience.Result AdvancedCsharpConcepts.Advanced.Resilience.Result::Failure(System.String)
DA:117,0
FN:119,AdvancedCsharpConcepts.Advanced.Resilience.Result`2<T,System.String> AdvancedCsharpConcepts.Advanced.Resilience.Result::WithValue(T)
FNDA:0,AdvancedCsharpConcepts.Advanced.Resilience.Result`2<T,System.String> AdvancedCsharpConcepts.Advanced.Resilience.Result::WithValue(T)
DA:120,0
DA:121,0
DA:122,0
DA:123,0
DA:124,0
BRDA:121,7,0,0
BRDA:121,7,1,0
FN:106,System.Void AdvancedCsharpConcepts.Advanced.Resilience.Result::.ctor(System.Boolean,System.String)
FNDA:0,System.Void AdvancedCsharpConcepts.Advanced.Resilience.Result::.ctor(System.Boolean,System.String)
DA:107,0
DA:108,0
DA:109,0
DA:110,0
FN:144,AdvancedCsharpConcepts.Advanced.Resilience.Result`2<AdvancedCsharpConcepts.Advanced.Resilience.ResultPatternExamples/User,AdvancedCsharpConcepts.Advanced.Resilience.ValidationError> AdvancedCsharpConcepts.Advanced.Resilience.ResultPatternExamples::RegisterUser(System.String,System.String,System.Int32)
FNDA:0,AdvancedCsharpConcepts.Advanced.Resilience.Result`2<AdvancedCsharpConcepts.Advanced.Resilience.ResultPatternExamples/User,AdvancedCsharpConcepts.Advanced.Resilience.ValidationError> AdvancedCsharpConcepts.Advanced.Resilience.ResultPatternExamples::RegisterUser(System.String,System.String,System.Int32)
DA:145,0
DA:146,0
DA:147,0
DA:148,0
DA:149,0
DA:150,0
FN:152,AdvancedCsharpConcepts.Advanced.Resilience.Result`2<System.String,AdvancedCsharpConcepts.Advanced.Resilience.ValidationError> AdvancedCsharpConcepts.Advanced.Resilience.ResultPatternExamples::ValidateName(System.String)
FNDA:0,AdvancedCsharpConcepts.Advanced.Resilience.Result`2<System.String,AdvancedCsharpConcepts.Advanced.Resilience.ValidationError> AdvancedCsharpConcepts.Advanced.Resilience.ResultPatternExamples::ValidateName(System.String)
DA:153,0
DA:154,0
DA:155,0
DA:156,0
DA:158,0
DA:159,0
DA:160,0
DA:162,0
DA:163,0
BRDA:154,9,0,0
BRDA:154,9,1,0
BRDA:158,45,0,0
BRDA:158,45,1,0
FN:165,AdvancedCsharpConcepts.Advanced.Resilience.Result`2<System.String,AdvancedCsharpConcepts.Advanced.Resilience.ValidationError> AdvancedCsharpConcepts.Advanced.Resilience.ResultPatternExamples::ValidateEmail(System.String)
FNDA:0,AdvancedCsharpConcepts.Advanced.Resilience.Result`2<System.String,AdvancedCsharpConcepts.Advanced.Resilience.ValidationError> AdvancedCsharpConcepts.Advanced.Resilience.ResultPatternExamples::ValidateEmail(System.String)
DA:166,0
DA:167,0
DA:168,0
DA:169,0
DA:171,0
DA:172,0
DA:173,0
DA:175,0
DA:176,0
BRDA:167,9,0,0
BRDA:167,9,1,0
BRDA:171,47,0,0
BRDA:171,47,1,0
FN:178,AdvancedCsharpConcepts.Advanced.Resilience.Result`2<System.Int32,AdvancedCsharpConcepts.Advanced.Resilience.ValidationError> AdvancedCsharpConcepts.Advanced.Resilience.ResultPatternExamples::ValidateAge(System.Int32)
FNDA:0,AdvancedCsharpConcepts.Advanced.Resilience.Result`2<System.Int32,AdvancedCsharpConcepts.Advanced.Resilience.ValidationError> AdvancedCsharpConcepts.Advanced.Resilience.ResultPatternExamples::ValidateAge(System.Int32)
DA:179,0
DA:180,0
DA:181,0
DA:182,0
DA:184,0
DA:185,0
DA:186,0
DA:188,0
DA:189,0
BRDA:180,8,0,0
BRDA:180,8,1,0
BRDA:184,40,0,0
BRDA:184,40,1,0
FN:194,AdvancedCsharpConcepts.Advanced.Resilience.Result`2<AdvancedCsharpConcepts.Advanced.Resilience.ResultPatternExamples/User,AdvancedCsharpConcepts.Advanced.Resilience.NotFoundError> AdvancedCsharpConcepts.Advanced.Resilience.ResultPatternExamples::FindUserById(System.Int32)
FNDA:0,AdvancedCsharpConcepts.Advanced.Resilience.Result`2<AdvancedCsharpConcepts.Advanced.Resilience.ResultPatternExamples/User,AdvancedCsharpConcepts.Advanced.Resilience.NotFoundError> AdvancedCsharpConcepts.Advanced.Resilience.ResultPatternExamples::FindUserById(System.Int32)
DA:195,0
DA:197,0
DA:198,0
DA:199,0
DA:201,0
DA:202,0
DA:203,0
BRDA:197,8,0,0
BRDA:197,8,1,0
FN:208,AdvancedCsharpConcepts.Advanced.Resilience.Result`2<AdvancedCsharpConcepts.Advanced.Resilience.ResultPatternExamples/User,AdvancedCsharpConcepts.Advanced.Resilience.UnauthorizedError> AdvancedCsharpConcepts.Advanced.Resilience.ResultPatternExamples::UpdateUser(AdvancedCsharpConcepts.Advanced.Resilience.ResultPatternExamples/User,System.Int32)
FNDA:0,AdvancedCsharpConcepts.Advanced.Resilience.Result`2<AdvancedCsharpConcepts.Advanced.Resilience.ResultPatternExamples/User,AdvancedCsharpConcepts.Advanced.Resilience.UnauthorizedError> AdvancedCsharpConcepts.Advanced.Resilience.ResultPatternExamples::UpdateUser(AdvancedCsharpConcepts.Advanced.Resilience.ResultPatternExamples/User,System.Int32)
DA:209,0
DA:210,0
DA:211,0
DA:212,0
DA:215,0
DA:216,0
BRDA:210,15,0,0
BRDA:210,15,1,0
FN:221,System.Void AdvancedCsharpConcepts.Advanced.Resilience.ResultPatternExamples::RunExamples()
FNDA:0,System.Void AdvancedCsharpConcepts.Advanced.Resilience.ResultPatternExamples::RunExamples()
DA:222,0
DA:223,0
DA:226,0
DA:227,0
DA:228,0
DA:229,0
DA:230,0
DA:231,0
DA:234,0
DA:235,0
DA:236,0
DA:237,0
DA:238,0
DA:239,0
DA:242,0
DA:243,0
DA:244,0
DA:245,0
DA:246,0
DA:247,0
DA:250,0
DA:251,0
DA:252,0
DA:253,0
DA:254,0
DA:255,0
DA:258,0
DA:259,0
DA:260,0
DA:261,0
DA:262,0
DA:263,0
DA:266,0
DA:267,0
DA:268,0
DA:269,0
DA:270,0
DA:271,0
DA:272,0
DA:273,0
DA:274,0
DA:276,0
DA:277,0
LF:150
LH:0
BRF:36
BRH:0
FNF:28
FNH:0
end_of_record
SF:/Users/dogaaydin/CSharp-Covariance-Polymorphism-Exercises/src/AdvancedConcepts.Core/Advanced/PerformanceBenchmarks/BenchmarkRunner.cs
FN:17,System.Void AdvancedCsharpConcepts.Advanced.PerformanceBenchmarks.BenchmarkRunner::RunAllBenchmarks()
FNDA:0,System.Void AdvancedCsharpConcepts.Advanced.PerformanceBenchmarks.BenchmarkRunner::RunAllBenchmarks()
DA:18,0
DA:19,0
DA:20,0
DA:21,0
DA:22,0
DA:24,0
DA:25,0
DA:28,0
DA:29,0
DA:32,0
DA:33,0
DA:35,0
DA:36,0
DA:37,0
FN:42,System.Void AdvancedCsharpConcepts.Advanced.PerformanceBenchmarks.BenchmarkRunner::ShowQuickSummary()
FNDA:0,System.Void AdvancedCsharpConcepts.Advanced.PerformanceBenchmarks.BenchmarkRunner::ShowQuickSummary()
DA:43,0
DA:44,0
DA:45,0
DA:46,0
DA:48,0
DA:49,0
DA:50,0
DA:51,0
DA:52,0
DA:53,0
DA:54,0
DA:55,0
DA:56,0
DA:57,0
DA:58,0
DA:59,0
DA:60,0
DA:61,0
DA:62,0
DA:63,0
DA:64,0
DA:65,0
DA:66,0
DA:67,0
DA:68,0
DA:69,0
DA:70,0
DA:71,0
LF:42
LH:0
BRF:0
BRH:0
FNF:2
FNH:0
end_of_record
SF:/Users/dogaaydin/CSharp-Covariance-Polymorphism-Exercises/src/AdvancedConcepts.Core/Advanced/PerformanceBenchmarks/BoxingUnboxingBenchmark.cs
FN:21,System.Void AdvancedCsharpConcepts.Advanced.PerformanceBenchmarks.BoxingUnboxingBenchmark::Setup()
FNDA:0,System.Void AdvancedCsharpConcepts.Advanced.PerformanceBenchmarks.BoxingUnboxingBenchmark::Setup()
DA:22,0
DA:23,0
DA:24,0
DA:25,0
DA:26,0
DA:27,0
DA:28,0
BRDA:23,52,1,0
BRDA:23,52,0,0
FN:35,System.Int64 AdvancedCsharpConcepts.Advanced.PerformanceBenchmarks.BoxingUnboxingBenchmark::GenericListSum()
FNDA:0,System.Int64 AdvancedCsharpConcepts.Advanced.PerformanceBenchmarks.BoxingUnboxingBenchmark::GenericListSum()
DA:36,0
DA:37,0
DA:38,0
DA:39,0
DA:40,0
DA:41,0
DA:42,0
DA:43,0
BRDA:38,41,1,0
BRDA:38,41,0,0
FN:50,System.Int64 AdvancedCsharpConcepts.Advanced.PerformanceBenchmarks.BoxingUnboxingBenchmark::ArrayListSum()
FNDA:0,System.Int64 AdvancedCsharpConcepts.Advanced.PerformanceBenchmarks.BoxingUnboxingBenchmark::ArrayListSum()
DA:51,0
DA:52,0
DA:53,0
DA:54,0
DA:55,0
DA:56,0
DA:57,0
DA:58,0
BRDA:53,44,1,0
BRDA:53,44,0,0
FN:65,System.Int64 AdvancedCsharpConcepts.Advanced.PerformanceBenchmarks.BoxingUnboxingBenchmark::SpanSum()
FNDA:0,System.Int64 AdvancedCsharpConcepts.Advanced.PerformanceBenchmarks.BoxingUnboxingBenchmark::SpanSum()
DA:66,0
DA:67,0
DA:68,0
DA:69,0
DA:70,0
DA:71,0
DA:72,0
DA:73,0
DA:74,0
BRDA:69,54,1,0
BRDA:69,54,0,0
FN:80,System.Int64 AdvancedCsharpConcepts.Advanced.PerformanceBenchmarks.BoxingUnboxingBenchmark::ManualSpanSum()
FNDA:0,System.Int64 AdvancedCsharpConcepts.Advanced.PerformanceBenchmarks.BoxingUnboxingBenchmark::ManualSpanSum()
DA:81,0
DA:82,0
DA:83,0
DA:84,0
DA:85,0
DA:86,0
DA:87,0
DA:88,0
DA:89,0
BRDA:84,51,1,0
BRDA:84,51,0,0
FN:16,System.Void AdvancedCsharpConcepts.Advanced.PerformanceBenchmarks.BoxingUnboxingBenchmark::.ctor()
FNDA:0,System.Void AdvancedCsharpConcepts.Advanced.PerformanceBenchmarks.BoxingUnboxingBenchmark::.ctor()
DA:17,0
DA:18,0
LF:43
LH:0
BRF:10
BRH:0
FNF:6
FNH:0
end_of_record
SF:/Users/dogaaydin/CSharp-Covariance-Polymorphism-Exercises/src/AdvancedConcepts.Core/Advanced/PerformanceBenchmarks/CovarianceBenchmark.cs
FN:20,System.Void AdvancedCsharpConcepts.Advanced.PerformanceBenchmarks.CovarianceBenchmark::Setup()
FNDA:0,System.Void AdvancedCsharpConcepts.Advanced.PerformanceBenchmarks.CovarianceBenchmark::Setup()
DA:21,0
DA:22,0
DA:23,0
DA:24,0
DA:25,0
DA:26,0
DA:27,0
DA:28,0
BRDA:22,49,1,0
BRDA:22,49,0,0
FN:35,System.Int32 AdvancedCsharpConcepts.Advanced.PerformanceBenchmarks.CovarianceBenchmark::DirectIteration()
FNDA:0,System.Int32 AdvancedCsharpConcepts.Advanced.PerformanceBenchmarks.CovarianceBenchmark::DirectIteration()
DA:36,0
DA:37,0
DA:38,0
DA:39,0
DA:40,0
DA:41,0
DA:42,0
DA:43,0
DA:44,0
BRDA:38,46,1,0
BRDA:38,46,0,0
FN:51,System.Int32 AdvancedCsharpConcepts.Advanced.PerformanceBenchmarks.CovarianceBenchmark::CovariantEnumerable()
FNDA:0,System.Int32 AdvancedCsharpConcepts.Advanced.PerformanceBenchmarks.CovarianceBenchmark::CovariantEnumerable()
DA:52,0
DA:53,0
DA:54,0
DA:55,0
DA:56,0
DA:57,0
DA:58,0
DA:59,0
DA:60,0
DA:61,0
BRDA:55,46,1,0
BRDA:55,46,0,0
FN:68,System.Int32 AdvancedCsharpConcepts.Advanced.PerformanceBenchmarks.CovarianceBenchmark::ArrayCovariance()
FNDA:0,System.Int32 AdvancedCsharpConcepts.Advanced.PerformanceBenchmarks.CovarianceBenchmark::ArrayCovariance()
DA:69,0
DA:70,0
DA:71,0
DA:72,0
DA:73,0
DA:74,0
DA:75,0
DA:76,0
DA:77,0
DA:78,0
BRDA:72,51,1,0
BRDA:72,51,0,0
FN:85,System.Int32 AdvancedCsharpConcepts.Advanced.PerformanceBenchmarks.CovarianceBenchmark::SpanIteration()
FNDA:0,System.Int32 AdvancedCsharpConcepts.Advanced.PerformanceBenchmarks.CovarianceBenchmark::SpanIteration()
DA:86,0
DA:87,0
DA:88,0
DA:89,0
DA:90,0
DA:91,0
DA:92,0
DA:93,0
DA:94,0
DA:95,0
BRDA:89,59,1,0
BRDA:89,59,0,0
FN:102,System.Int32 AdvancedCsharpConcepts.Advanced.PerformanceBenchmarks.CovarianceBenchmark::ParallelIteration()
FNDA:0,System.Int32 AdvancedCsharpConcepts.Advanced.PerformanceBenchmarks.CovarianceBenchmark::ParallelIteration()
DA:103,0
DA:104,0
DA:105,0
DA:106,0
DA:107,0
DA:108,0
DA:109,0
DA:110,0
DA:111,0
FN:14,System.Void AdvancedCsharpConcepts.Advanced.PerformanceBenchmarks.CovarianceBenchmark::.ctor()
FNDA:0,System.Void AdvancedCsharpConcepts.Advanced.PerformanceBenchmarks.CovarianceBenchmark::.ctor()
DA:15,0
DA:16,0
LF:58
LH:0
BRF:10
BRH:0
FNF:7
FNH:0
end_of_record
SF:/Users/dogaaydin/CSharp-Covariance-Polymorphism-Exercises/src/AdvancedConcepts.Core/Advanced/Observability/EnhancedSerilogExamples.cs
FN:16,System.Void AdvancedCsharpConcepts.Advanced.Observability.EnhancedSerilogExamples::ConfigureEnhancedSerilog()
FNDA:0,System.Void AdvancedCsharpConcepts.Advanced.Observability.EnhancedSerilogExamples::ConfigureEnhancedSerilog()
DA:17,0
DA:18,0
DA:19,0
DA:20,0
DA:21,0
DA:22,0
DA:23,0
DA:24,0
DA:25,0
DA:26,0
DA:27,0
DA:28,0
DA:29,0
DA:30,0
DA:31,0
DA:32,0
DA:33,0
DA:34,0
DA:35,0
DA:36,0
DA:37,0
DA:38,0
DA:39,0
DA:40,0
DA:41,0
DA:42,0
DA:43,0
DA:44,0
DA:45,0
DA:46,0
DA:47,0
DA:48,0
FN:181,System.Void AdvancedCsharpConcepts.Advanced.Observability.EnhancedSerilogExamples::SecurityLoggingExample()
FNDA:0,System.Void AdvancedCsharpConcepts.Advanced.Observability.EnhancedSerilogExamples::SecurityLoggingExample()
DA:182,0
DA:183,0
DA:185,0
DA:186,0
DA:189,0
DA:190,0
DA:191,0
DA:192,0
DA:193,0
DA:196,0
DA:197,0
DA:198,0
DA:199,0
DA:200,0
DA:203,0
DA:204,0
DA:205,0
DA:206,0
DA:207,0
DA:210,0
DA:211,0
DA:212,0
DA:213,0
DA:214,0
DA:215,0
DA:216,0
FN:221,System.Void AdvancedCsharpConcepts.Advanced.Observability.EnhancedSerilogExamples::BusinessEventLoggingExample()
FNDA:0,System.Void AdvancedCsharpConcepts.Advanced.Observability.EnhancedSerilogExamples::BusinessEventLoggingExample()
DA:222,0
DA:223,0
DA:225,0
DA:226,0
DA:227,0
DA:230,0
DA:231,0
DA:232,0
DA:233,0
DA:234,0
DA:235,0
DA:236,0
DA:237,0
DA:239,0
DA:240,0
DA:241,0
DA:242,0
DA:243,0
DA:245,0
DA:246,0
DA:247,0
DA:248,0
DA:249,0
DA:250,0
DA:251,0
LF:83
LH:0
BRF:0
BRH:0
FNF:3
FNH:0
end_of_record
SF:/Users/dogaaydin/CSharp-Covariance-Polymorphism-Exercises/src/AdvancedConcepts.Core/Advanced/Observability/HealthCheckExamples.cs
FN:320,System.Void AdvancedCsharpConcepts.Advanced.Observability.HealthCheckExamples::PrintHealthReport(Microsoft.Extensions.Diagnostics.HealthChecks.HealthReport)
FNDA:0,System.Void AdvancedCsharpConcepts.Advanced.Observability.HealthCheckExamples::PrintHealthReport(Microsoft.Extensions.Diagnostics.HealthChecks.HealthReport)
DA:321,0
DA:322,0
DA:323,0
DA:324,0
DA:325,0
DA:327,0
DA:328,0
DA:329,0
DA:330,0
DA:331,0
DA:332,0
DA:333,0
DA:334,0
DA:335,0
DA:337,0
DA:338,0
DA:339,0
DA:340,0
DA:341,0
DA:343,0
DA:344,0
DA:345,0
DA:346,0
DA:348,0
DA:349,0
DA:350,0
DA:351,0
DA:352,0
DA:353,0
DA:354,0
DA:355,0
DA:357,0
DA:358,0
DA:359,0
DA:360,0
DA:362,0
DA:363,0
DA:364,0
BRDA:327,774,1,0
BRDA:329,248,3,0
BRDA:329,248,2,0
BRDA:329,248,1,0
BRDA:329,248,0,0
BRDA:338,411,0,0
BRDA:338,411,1,0
BRDA:343,459,0,0
BRDA:343,459,1,0
BRDA:348,558,0,0
BRDA:351,697,1,0
BRDA:351,697,0,0
BRDA:348,558,1,0
BRDA:357,729,0,0
BRDA:357,729,1,0
BRDA:327,774,0,0
FN:17,System.Void AdvancedCsharpConcepts.Advanced.Observability.HealthCheckExamples/DatabaseHealthCheck::.ctor(System.String)
FNDA:0,System.Void AdvancedCsharpConcepts.Advanced.Observability.HealthCheckExamples/DatabaseHealthCheck::.ctor(System.String)
DA:18,0
DA:19,0
DA:20,0
DA:21,0
FN:104,System.Void AdvancedCsharpConcepts.Advanced.Observability.HealthCheckExamples/ExternalApiHealthCheck::.ctor(System.String)
FNDA:0,System.Void AdvancedCsharpConcepts.Advanced.Observability.HealthCheckExamples/ExternalApiHealthCheck::.ctor(System.String)
DA:105,0
DA:106,0
DA:107,0
DA:108,0
FN:161,System.Threading.Tasks.Task`1<Microsoft.Extensions.Diagnostics.HealthChecks.HealthCheckResult> AdvancedCsharpConcepts.Advanced.Observability.HealthCheckExamples/MemoryHealthCheck::CheckHealthAsync(Microsoft.Extensions.Diagnostics.HealthChecks.HealthCheckContext,System.Threading.CancellationToken)
FNDA:0,System.Threading.Tasks.Task`1<Microsoft.Extensions.Diagnostics.HealthChecks.HealthCheckResult> AdvancedCsharpConcepts.Advanced.Observability.HealthCheckExamples/MemoryHealthCheck::CheckHealthAsync(Microsoft.Extensions.Diagnostics.HealthChecks.HealthCheckContext,System.Threading.CancellationToken)
DA:162,0
DA:163,0
DA:164,0
DA:165,0
DA:166,0
DA:167,0
DA:168,0
DA:169,0
DA:170,0
DA:171,0
DA:173,0
DA:174,0
DA:175,0
DA:176,0
DA:177,0
DA:180,0
DA:181,0
DA:182,0
DA:183,0
DA:184,0
DA:187,0
DA:188,0
DA:189,0
DA:190,0
BRDA:173,138,0,0
BRDA:173,138,1,0
BRDA:180,189,0,0
BRDA:180,189,1,0
FN:153,System.Void AdvancedCsharpConcepts.Advanced.Observability.HealthCheckExamples/MemoryHealthCheck::.ctor(System.Int64)
FNDA:0,System.Void AdvancedCsharpConcepts.Advanced.Observability.HealthCheckExamples/MemoryHealthCheck::.ctor(System.Int64)
DA:154,0
DA:155,0
DA:156,0
DA:157,0
FN:209,System.Threading.Tasks.Task`1<Microsoft.Extensions.Diagnostics.HealthChecks.HealthCheckResult> AdvancedCsharpConcepts.Advanced.Observability.HealthCheckExamples/DiskSpaceHealthCheck::CheckHealthAsync(Microsoft.Extensions.Diagnostics.HealthChecks.HealthCheckContext,System.Threading.CancellationToken)
FNDA:0,System.Threading.Tasks.Task`1<Microsoft.Extensions.Diagnostics.HealthChecks.HealthCheckResult> AdvancedCsharpConcepts.Advanced.Observability.HealthCheckExamples/DiskSpaceHealthCheck::CheckHealthAsync(Microsoft.Extensions.Diagnostics.HealthChecks.HealthCheckContext,System.Threading.CancellationToken)
DA:210,0
DA:212,0
DA:214,0
DA:215,0
DA:217,0
DA:218,0
DA:219,0
DA:220,0
DA:221,0
DA:222,0
DA:223,0
DA:225,0
DA:226,0
DA:227,0
DA:228,0
DA:229,0
DA:232,0
DA:233,0
DA:234,0
DA:235,0
DA:236,0
DA:239,0
DA:240,0
DA:241,0
DA:243,0
DA:244,0
DA:245,0
DA:246,0
DA:248,0
BRDA:225,144,0,0
BRDA:225,144,1,0
BRDA:232,196,0,0
BRDA:232,196,1,0
FN:200,System.Void AdvancedCsharpConcepts.Advanced.Observability.HealthCheckExamples/DiskSpaceHealthCheck::.ctor(System.String,System.Int64)
FNDA:0,System.Void AdvancedCsharpConcepts.Advanced.Observability.HealthCheckExamples/DiskSpaceHealthCheck::.ctor(System.String,System.Int64)
DA:201,0
DA:202,0
DA:203,0
DA:204,0
DA:205,0
FN:257,System.Void AdvancedCsharpConcepts.Advanced.Observability.HealthCheckExamples/StartupHealthCheck::MarkAsCompleted()
FNDA:0,System.Void AdvancedCsharpConcepts.Advanced.Observability.HealthCheckExamples/StartupHealthCheck::MarkAsCompleted()
DA:258,0
FN:262,System.Threading.Tasks.Task`1<Microsoft.Extensions.Diagnostics.HealthChecks.HealthCheckResult> AdvancedCsharpConcepts.Advanced.Observability.HealthCheckExamples/StartupHealthCheck::CheckHealthAsync(Microsoft.Extensions.Diagnostics.HealthChecks.HealthCheckContext,System.Threading.CancellationToken)
FNDA:0,System.Threading.Tasks.Task`1<Microsoft.Extensions.Diagnostics.HealthChecks.HealthCheckResult> AdvancedCsharpConcepts.Advanced.Observability.HealthCheckExamples/StartupHealthCheck::CheckHealthAsync(Microsoft.Extensions.Diagnostics.HealthChecks.HealthCheckContext,System.Threading.CancellationToken)
DA:263,0
DA:264,0
DA:265,0
DA:266,0
DA:267,0
DA:270,0
DA:271,0
DA:272,0
BRDA:264,11,0,0
BRDA:264,11,1,0
LF:117
LH:0
BRF:26
BRH:0
FNF:9
FNH:0
end_of_record
SF:/Users/dogaaydin/CSharp-Covariance-Polymorphism-Exercises/src/AdvancedConcepts.Core/Advanced/Observability/OpenTelemetryExamples.cs
FN:46,OpenTelemetry.Metrics.MeterProvider AdvancedCsharpConcepts.Advanced.Observability.OpenTelemetryExamples::ConfigureMetrics()
FNDA:0,OpenTelemetry.Metrics.MeterProvider AdvancedCsharpConcepts.Advanced.Observability.OpenTelemetryExamples::ConfigureMetrics()
DA:47,0
DA:48,0
DA:49,0
DA:50,0
DA:51,0
DA:52,0
DA:53,0
DA:54,0
DA:55,0
DA:56,0
DA:57,0
DA:58,0
DA:59,0
FN:64,OpenTelemetry.Trace.TracerProvider AdvancedCsharpConcepts.Advanced.Observability.OpenTelemetryExamples::ConfigureTracing()
FNDA:0,OpenTelemetry.Trace.TracerProvider AdvancedCsharpConcepts.Advanced.Observability.OpenTelemetryExamples::ConfigureTracing()
DA:65,0
DA:66,0
DA:67,0
DA:68,0
DA:69,0
DA:70,0
DA:71,0
DA:72,0
FN:332,System.Int32 AdvancedCsharpConcepts.Advanced.Observability.OpenTelemetryExamples::GetActiveConnections()
FNDA:0,System.Int32 AdvancedCsharpConcepts.Advanced.Observability.OpenTelemetryExamples::GetActiveConnections()
DA:333,0
DA:334,0
DA:335,0
FN:16,System.Void AdvancedCsharpConcepts.Advanced.Observability.OpenTelemetryExamples::.cctor()
FNDA:0,System.Void AdvancedCsharpConcepts.Advanced.Observability.OpenTelemetryExamples::.cctor()
DA:17,0
DA:20,0
DA:23,0
DA:24,0
DA:25,0
DA:27,0
DA:28,0
DA:29,0
DA:30,0
DA:32,0
DA:33,0
DA:34,0
DA:35,0
DA:37,0
DA:38,0
DA:39,0
LF:40
LH:0
BRF:0
BRH:0
FNF:4
FNH:0
end_of_record
SF:/Users/dogaaydin/CSharp-Covariance-Polymorphism-Exercises/src/AdvancedConcepts.Core/Advanced/Observability/StructuredLogging.cs
FN:17,Serilog.ILogger AdvancedCsharpConcepts.Advanced.Observability.StructuredLogging::ConfigureLogger()
FNDA:0,Serilog.ILogger AdvancedCsharpConcepts.Advanced.Observability.StructuredLogging::ConfigureLogger()
DA:18,0
DA:19,0
DA:20,0
DA:21,0
DA:22,0
DA:23,0
DA:24,0
DA:25,0
DA:26,0
DA:27,0
DA:28,0
DA:29,0
DA:30,0
DA:31,0
DA:32,0
FN:212,System.Void AdvancedCsharpConcepts.Advanced.Observability.StructuredLogging::RunExample()
FNDA:0,System.Void AdvancedCsharpConcepts.Advanced.Observability.StructuredLogging::RunExample()
DA:213,0
DA:214,0
DA:216,0
DA:219,0
DA:221,0
DA:224,0
DA:225,0
DA:228,0
DA:229,0
DA:230,0
DA:231,0
DA:234,0
DA:235,0
DA:236,0
DA:237,0
DA:238,0
DA:239,0
DA:240,0
DA:241,0
DA:244,0
DA:245,0
DA:246,0
DA:247,0
DA:248,0
DA:249,0
DA:250,0
DA:251,0
DA:252,0
DA:253,0
DA:255,0
DA:256,0
DA:257,0
DA:258,0
DA:259,0
DA:260,0
DA:262,0
DA:263,0
DA:264,0
DA:265,0
FN:46,System.Void AdvancedCsharpConcepts.Advanced.Observability.StructuredLogging/DataProcessor::ProcessData(System.String[])
FNDA:0,System.Void AdvancedCsharpConcepts.Advanced.Observability.StructuredLogging/DataProcessor::ProcessData(System.String[])
DA:47,0
DA:48,0
DA:50,0
DA:53,0
DA:54,0
DA:55,0
DA:56,0
DA:57,0
DA:59,0
DA:61,0
DA:62,0
DA:63,0
DA:64,0
DA:65,0
DA:66,0
DA:67,0
DA:68,0
DA:69,0
DA:70,0
DA:71,0
DA:72,0
DA:74,0
BRDA:54,57,1,0
BRDA:54,57,0,0
FN:76,System.Void AdvancedCsharpConcepts.Advanced.Observability.StructuredLogging/DataProcessor::ProcessItem(System.String,System.Int32)
FNDA:0,System.Void AdvancedCsharpConcepts.Advanced.Observability.StructuredLogging/DataProcessor::ProcessItem(System.String,System.Int32)
DA:77,0
DA:78,0
DA:81,0
DA:82,0
DA:83,0
DA:84,0
DA:85,0
BRDA:81,34,0,0
BRDA:81,34,1,0
FN:40,System.Void AdvancedCsharpConcepts.Advanced.Observability.StructuredLogging/DataProcessor::.ctor(Serilog.ILogger)
FNDA:0,System.Void AdvancedCsharpConcepts.Advanced.Observability.StructuredLogging/DataProcessor::.ctor(Serilog.ILogger)
DA:41,0
DA:42,0
DA:43,0
DA:44,0
FN:126,System.Void AdvancedCsharpConcepts.Advanced.Observability.StructuredLogging/ErrorHandlingExample::HandleApiRequest(System.String,System.Collections.Generic.Dictionary`2<System.String,System.String>)
FNDA:0,System.Void AdvancedCsharpConcepts.Advanced.Observability.StructuredLogging/ErrorHandlingExample::HandleApiRequest(System.String,System.Collections.Generic.Dictionary`2<System.String,System.String>)
DA:127,0
DA:128,0
DA:129,0
DA:130,0
DA:131,0
DA:134,0
DA:135,0
DA:136,0
DA:137,0
DA:138,0
DA:139,0
DA:140,0
DA:141,0
DA:142,0
DA:144,0
DA:145,0
DA:146,0
DA:147,0
DA:149,0
DA:150,0
FN:152,System.Void AdvancedCsharpConcepts.Advanced.Observability.StructuredLogging/ErrorHandlingExample::ValidateParameters(System.Collections.Generic.Dictionary`2<System.String,System.String>)
FNDA:0,System.Void AdvancedCsharpConcepts.Advanced.Observability.StructuredLogging/ErrorHandlingExample::ValidateParameters(System.Collections.Generic.Dictionary`2<System.String,System.String>)
DA:153,0
DA:154,0
DA:155,0
DA:156,0
DA:158,0
BRDA:154,12,0,0
BRDA:154,12,1,0
FN:160,System.Void AdvancedCsharpConcepts.Advanced.Observability.StructuredLogging/ErrorHandlingExample::ExecuteRequest(System.String,System.Collections.Generic.Dictionary`2<System.String,System.String>)
FNDA:0,System.Void AdvancedCsharpConcepts.Advanced.Observability.StructuredLogging/ErrorHandlingExample::ExecuteRequest(System.String,System.Collections.Generic.Dictionary`2<System.String,System.String>)
DA:161,0
DA:162,0
DA:164,0
FN:120,System.Void AdvancedCsharpConcepts.Advanced.Observability.StructuredLogging/ErrorHandlingExample::.ctor(Serilog.ILogger)
FNDA:0,System.Void AdvancedCsharpConcepts.Advanced.Observability.StructuredLogging/ErrorHandlingExample::.ctor(Serilog.ILogger)
DA:121,0
DA:122,0
DA:123,0
DA:124,0
FN:179,T AdvancedCsharpConcepts.Advanced.Observability.StructuredLogging/PerformanceLogger::MeasureOperation(System.String,System.Func`1<T>)
FNDA:0,T AdvancedCsharpConcepts.Advanced.Observability.StructuredLogging/PerformanceLogger::MeasureOperation(System.String,System.Func`1<T>)
DA:180,0
DA:181,0
DA:182,0
DA:185,0
DA:186,0
DA:187,0
DA:189,0
DA:190,0
DA:191,0
DA:192,0
DA:194,0
DA:196,0
DA:197,0
DA:198,0
DA:199,0
DA:200,0
DA:201,0
DA:202,0
DA:203,0
DA:204,0
DA:206,0
FN:173,System.Void AdvancedCsharpConcepts.Advanced.Observability.StructuredLogging/PerformanceLogger::.ctor(Serilog.ILogger)
FNDA:0,System.Void AdvancedCsharpConcepts.Advanced.Observability.StructuredLogging/PerformanceLogger::.ctor(Serilog.ILogger)
DA:174,0
DA:175,0
DA:176,0
DA:177,0
LF:144
LH:0
BRF:6
BRH:0
FNF:11
FNH:0
end_of_record
SF:/Users/dogaaydin/CSharp-Covariance-Polymorphism-Exercises/src/AdvancedConcepts.Core/Advanced/ModernCSharp/AdvancedPatternMatching.cs
FN:18,System.Double AdvancedCsharpConcepts.Advanced.ModernCSharp.AdvancedPatternMatching::CalculateArea(AdvancedCsharpConcepts.Advanced.ModernCSharp.AdvancedPatternMatching/Shape)
FNDA:0,System.Double AdvancedCsharpConcepts.Advanced.ModernCSharp.AdvancedPatternMatching::CalculateArea(AdvancedCsharpConcepts.Advanced.ModernCSharp.AdvancedPatternMatching/Shape)
DA:19,0
DA:20,0
DA:21,0
DA:22,0
DA:23,0
DA:24,0
DA:25,0
BRDA:19,14,0,0
BRDA:19,14,1,0
BRDA:19,36,0,0
BRDA:19,36,1,0
BRDA:19,66,0,0
BRDA:19,66,1,0
FN:30,System.String AdvancedCsharpConcepts.Advanced.ModernCSharp.AdvancedPatternMatching::ClassifyShape(AdvancedCsharpConcepts.Advanced.ModernCSharp.AdvancedPatternMatching/Shape)
FNDA:0,System.String AdvancedCsharpConcepts.Advanced.ModernCSharp.AdvancedPatternMatching::ClassifyShape(AdvancedCsharpConcepts.Advanced.ModernCSharp.AdvancedPatternMatching/Shape)
DA:31,0
DA:32,0
DA:33,0
DA:34,0
DA:35,0
DA:36,0
DA:37,0
DA:38,0
DA:39,0
DA:40,0
DA:41,0
DA:42,0
BRDA:31,18,0,0
BRDA:31,40,0,0
BRDA:31,18,1,0
BRDA:31,68,0,0
BRDA:36,174,0,0
BRDA:31,98,0,0
BRDA:31,68,1,0
BRDA:31,125,0,0
BRDA:31,40,1,0
BRDA:31,53,1,0
BRDA:31,53,0,0
BRDA:36,174,1,0
BRDA:31,110,1,0
BRDA:31,98,1,0
BRDA:31,110,0,0
BRDA:39,207,1,0
BRDA:39,207,0,0
BRDA:31,125,1,0
FN:47,System.String AdvancedCsharpConcepts.Advanced.ModernCSharp.AdvancedPatternMatching::AnalyzeSequence(System.Int32[])
FNDA:0,System.String AdvancedCsharpConcepts.Advanced.ModernCSharp.AdvancedPatternMatching::AnalyzeSequence(System.Int32[])
DA:48,0
DA:49,0
DA:50,0
DA:51,0
DA:52,0
DA:53,0
DA:54,0
BRDA:48,9,1,0
BRDA:48,9,2,0
BRDA:48,9,3,0
BRDA:48,9,0,0
FN:59,System.Boolean AdvancedCsharpConcepts.Advanced.ModernCSharp.AdvancedPatternMatching::IsValidSequence(System.Int32[])
FNDA:0,System.Boolean AdvancedCsharpConcepts.Advanced.ModernCSharp.AdvancedPatternMatching::IsValidSequence(System.Int32[])
DA:60,0
DA:61,0
DA:62,0
DA:63,0
DA:64,0
DA:65,0
DA:66,0
DA:67,0
DA:68,0
BRDA:61,5,0,0
BRDA:61,11,0,0
BRDA:61,17,0,0
BRDA:61,5,1,0
BRDA:61,11,1,0
BRDA:61,17,1,0
BRDA:61,30,0,0
BRDA:61,30,1,0
BRDA:63,40,0,0
BRDA:63,50,0,0
BRDA:63,61,0,0
BRDA:63,40,1,0
BRDA:63,50,1,0
BRDA:63,61,1,0
BRDA:63,79,0,0
BRDA:63,79,1,0
BRDA:65,89,0,0
BRDA:65,95,0,0
BRDA:65,89,1,0
BRDA:65,95,1,0
BRDA:65,113,0,0
BRDA:65,113,1,0
FN:73,System.String AdvancedCsharpConcepts.Advanced.ModernCSharp.AdvancedPatternMatching::ClassifyAge(System.Int32)
FNDA:0,System.String AdvancedCsharpConcepts.Advanced.ModernCSharp.AdvancedPatternMatching::ClassifyAge(System.Int32)
DA:74,0
DA:75,0
DA:76,0
DA:77,0
DA:78,0
DA:79,0
DA:80,0
DA:81,0
BRDA:74,7,0,0
BRDA:74,11,0,0
BRDA:74,7,1,0
BRDA:74,11,1,0
BRDA:74,16,1,0
BRDA:74,16,0,0
BRDA:74,23,1,0
BRDA:74,23,0,0
FN:85,System.Boolean AdvancedCsharpConcepts.Advanced.ModernCSharp.AdvancedPatternMatching::IsValidScore(System.Int32)
FNDA:0,System.Boolean AdvancedCsharpConcepts.Advanced.ModernCSharp.AdvancedPatternMatching::IsValidScore(System.Int32)
DA:86,0
BRDA:86,2,0,0
BRDA:86,2,1,0
FN:88,System.String AdvancedCsharpConcepts.Advanced.ModernCSharp.AdvancedPatternMatching::EvaluateScore(System.Int32)
FNDA:0,System.String AdvancedCsharpConcepts.Advanced.ModernCSharp.AdvancedPatternMatching::EvaluateScore(System.Int32)
DA:89,0
DA:90,0
DA:91,0
DA:93,0
DA:94,0
DA:95,0
DA:96,0
DA:97,0
DA:98,0
DA:99,0
DA:100,0
DA:101,0
BRDA:90,3,0,0
BRDA:90,3,1,0
BRDA:90,15,0,0
BRDA:90,15,1,0
BRDA:93,32,0,0
BRDA:93,37,0,0
BRDA:93,32,1,0
BRDA:93,37,1,0
BRDA:93,42,1,0
BRDA:93,42,0,0
BRDA:93,49,1,0
BRDA:93,49,0,0
FN:108,System.Boolean AdvancedCsharpConcepts.Advanced.ModernCSharp.AdvancedPatternMatching::IsFromSiliconValley(AdvancedCsharpConcepts.Advanced.ModernCSharp.AdvancedPatternMatching/Person)
FNDA:0,System.Boolean AdvancedCsharpConcepts.Advanced.ModernCSharp.AdvancedPatternMatching::IsFromSiliconValley(AdvancedCsharpConcepts.Advanced.ModernCSharp.AdvancedPatternMatching/Person)
DA:109,0
DA:110,0
DA:111,0
DA:112,0
DA:113,0
DA:114,0
BRDA:109,5,0,0
BRDA:109,18,0,0
BRDA:109,41,0,0
BRDA:109,54,0,0
BRDA:109,67,0,0
BRDA:109,80,0,0
BRDA:109,93,0,0
BRDA:109,41,1,0
BRDA:109,54,1,0
BRDA:109,67,1,0
BRDA:109,80,1,0
BRDA:109,93,1,0
BRDA:109,106,1,0
BRDA:109,128,1,0
BRDA:109,150,1,0
BRDA:109,5,1,0
BRDA:109,18,1,0
BRDA:109,106,0,0
BRDA:109,128,0,0
BRDA:109,150,0,0
FN:120,System.String AdvancedCsharpConcepts.Advanced.ModernCSharp.AdvancedPatternMatching::OptimizedClassification(System.Int32)
FNDA:0,System.String AdvancedCsharpConcepts.Advanced.ModernCSharp.AdvancedPatternMatching::OptimizedClassification(System.Int32)
DA:121,0
DA:123,0
DA:124,0
DA:125,0
DA:126,0
DA:127,0
DA:128,0
DA:129,0
DA:130,0
DA:131,0
DA:132,0
DA:133,0
DA:134,0
BRDA:123,8,0,0
BRDA:123,12,0,0
BRDA:123,8,1,0
BRDA:123,17,1,0
BRDA:123,17,2,0
BRDA:123,17,3,0
BRDA:123,17,4,0
BRDA:123,17,5,0
BRDA:123,12,1,0
BRDA:123,47,1,0
BRDA:123,17,0,0
BRDA:123,47,0,0
FN:139,System.Void AdvancedCsharpConcepts.Advanced.ModernCSharp.AdvancedPatternMatching::RunExample()
FNDA:0,System.Void AdvancedCsharpConcepts.Advanced.ModernCSharp.AdvancedPatternMatching::RunExample()
DA:140,0
DA:141,0
DA:144,0
DA:145,0
DA:146,0
DA:147,0
DA:148,0
DA:149,0
DA:150,0
DA:152,0
DA:153,0
DA:154,0
DA:155,0
DA:156,0
DA:157,0
DA:158,0
DA:161,0
DA:162,0
DA:163,0
DA:164,0
DA:165,0
DA:166,0
DA:167,0
DA:168,0
DA:169,0
DA:171,0
DA:172,0
DA:173,0
DA:174,0
DA:175,0
DA:176,0
DA:179,0
DA:180,0
DA:181,0
DA:182,0
DA:183,0
DA:184,0
DA:187,0
DA:188,0
DA:189,0
DA:190,0
DA:191,0
DA:192,0
DA:193,0
DA:195,0
DA:196,0
DA:197,0
DA:198,0
DA:199,0
DA:202,0
DA:203,0
DA:204,0
DA:205,0
DA:206,0
DA:207,0
DA:208,0
BRDA:153,257,1,0
BRDA:153,257,0,0
BRDA:171,510,1,0
BRDA:171,510,0,0
BRDA:181,647,1,0
BRDA:181,647,0,0
BRDA:195,857,1,0
BRDA:195,857,0,0
BRDA:204,980,1,0
BRDA:204,980,0,0
LF:131
LH:0
BRF:114
BRH:0
FNF:10
FNH:0
end_of_record
SF:/Users/dogaaydin/CSharp-Covariance-Polymorphism-Exercises/src/AdvancedConcepts.Core/Advanced/ModernCSharp/CollectionExpressionsExample.cs
FN:14,System.Void AdvancedCsharpConcepts.Advanced.ModernCSharp.CollectionExpressionsExample::TraditionalCollections()
FNDA:0,System.Void AdvancedCsharpConcepts.Advanced.ModernCSharp.CollectionExpressionsExample::TraditionalCollections()
DA:15,0
DA:17,0
DA:20,0
DA:23,0
DA:24,0
DA:26,0
DA:27,0
FN:33,System.Void AdvancedCsharpConcepts.Advanced.ModernCSharp.CollectionExpressionsExample::ModernCollections()
FNDA:0,System.Void AdvancedCsharpConcepts.Advanced.ModernCSharp.CollectionExpressionsExample::ModernCollections()
DA:34,0
DA:36,0
DA:39,0
DA:42,0
DA:44,0
DA:45,0
FN:50,System.Void AdvancedCsharpConcepts.Advanced.ModernCSharp.CollectionExpressionsExample::AdvancedCombining()
FNDA:0,System.Void AdvancedCsharpConcepts.Advanced.ModernCSharp.CollectionExpressionsExample::AdvancedCombining()
DA:51,0
DA:52,0
DA:53,0
DA:54,0
DA:57,0
DA:60,0
DA:61,0
DA:62,0
DA:63,0
DA:64,0
DA:65,0
DA:66,0
DA:67,0
DA:69,0
DA:70,0
DA:71,0
FN:77,System.Void AdvancedCsharpConcepts.Advanced.ModernCSharp.CollectionExpressionsExample::PerformanceOptimized()
FNDA:0,System.Void AdvancedCsharpConcepts.Advanced.ModernCSharp.CollectionExpressionsExample::PerformanceOptimized()
DA:78,0
DA:80,0
DA:81,0
DA:82,0
DA:83,0
DA:84,0
DA:87,0
DA:89,0
DA:90,0
DA:91,0
FN:96,System.Void AdvancedCsharpConcepts.Advanced.ModernCSharp.CollectionExpressionsExample::RealWorldExample()
FNDA:0,System.Void AdvancedCsharpConcepts.Advanced.ModernCSharp.CollectionExpressionsExample::RealWorldExample()
DA:97,0
DA:99,0
DA:102,0
DA:103,0
DA:106,0
DA:108,0
DA:109,0
DA:110,0
DA:111,0
FN:116,System.Void AdvancedCsharpConcepts.Advanced.ModernCSharp.CollectionExpressionsExample::RunExample()
FNDA:0,System.Void AdvancedCsharpConcepts.Advanced.ModernCSharp.CollectionExpressionsExample::RunExample()
DA:117,0
DA:118,0
DA:120,0
DA:121,0
DA:122,0
DA:124,0
DA:125,0
DA:127,0
DA:128,0
DA:130,0
DA:131,0
DA:132,0
LF:60
LH:0
BRF:0
BRH:0
FNF:6
FNH:0
end_of_record
SF:/Users/dogaaydin/CSharp-Covariance-Polymorphism-Exercises/src/AdvancedConcepts.Core/Advanced/ModernCSharp/PrimaryConstructorsExample.cs
FN:63,System.Void AdvancedCsharpConcepts.Advanced.ModernCSharp.PrimaryConstructorsExample::RunExample()
FNDA:0,System.Void AdvancedCsharpConcepts.Advanced.ModernCSharp.PrimaryConstructorsExample::RunExample()
DA:64,0
DA:65,0
DA:68,0
DA:69,0
DA:70,0
DA:73,0
DA:74,0
DA:75,0
DA:78,0
DA:79,0
DA:80,0
DA:82,0
DA:83,0
DA:86,0
DA:87,0
DA:88,0
FN:22,System.Void AdvancedCsharpConcepts.Advanced.ModernCSharp.PrimaryConstructorsExample/VehicleTraditional::Display()
FNDA:0,System.Void AdvancedCsharpConcepts.Advanced.ModernCSharp.PrimaryConstructorsExample/VehicleTraditional::Display()
DA:23,0
FN:16,System.Void AdvancedCsharpConcepts.Advanced.ModernCSharp.PrimaryConstructorsExample/VehicleTraditional::.ctor(System.String,System.Int32)
FNDA:0,System.Void AdvancedCsharpConcepts.Advanced.ModernCSharp.PrimaryConstructorsExample/VehicleTraditional::.ctor(System.String,System.Int32)
DA:17,0
DA:18,0
DA:19,0
DA:20,0
DA:21,0
FN:32,System.Void AdvancedCsharpConcepts.Advanced.ModernCSharp.PrimaryConstructorsExample/VehicleModern::Display()
FNDA:0,System.Void AdvancedCsharpConcepts.Advanced.ModernCSharp.PrimaryConstructorsExample/VehicleModern::Display()
DA:33,0
FN:35,System.String AdvancedCsharpConcepts.Advanced.ModernCSharp.PrimaryConstructorsExample/VehicleModern::GetBrand()
FNDA:0,System.String AdvancedCsharpConcepts.Advanced.ModernCSharp.PrimaryConstructorsExample/VehicleModern::GetBrand()
DA:36,0
FN:36,System.Int32 AdvancedCsharpConcepts.Advanced.ModernCSharp.PrimaryConstructorsExample/VehicleModern::GetYear()
FNDA:0,System.Int32 AdvancedCsharpConcepts.Advanced.ModernCSharp.PrimaryConstructorsExample/VehicleModern::GetYear()
DA:37,0
FN:50,System.Double AdvancedCsharpConcepts.Advanced.ModernCSharp.PrimaryConstructorsExample/ElectricVehicle::get_Range()
FNDA:0,System.Double AdvancedCsharpConcepts.Advanced.ModernCSharp.PrimaryConstructorsExample/ElectricVehicle::get_Range()
DA:51,0
FN:53,System.Void AdvancedCsharpConcepts.Advanced.ModernCSharp.PrimaryConstructorsExample/ElectricVehicle::Display()
FNDA:0,System.Void AdvancedCsharpConcepts.Advanced.ModernCSharp.PrimaryConstructorsExample/ElectricVehicle::Display()
DA:54,0
DA:55,0
DA:56,0
DA:57,0
FN:43,System.Void AdvancedCsharpConcepts.Advanced.ModernCSharp.PrimaryConstructorsExample/ElectricVehicle::.ctor(System.String,System.Int32,System.Int32)
FNDA:0,System.Void AdvancedCsharpConcepts.Advanced.ModernCSharp.PrimaryConstructorsExample/ElectricVehicle::.ctor(System.String,System.Int32,System.Int32)
DA:44,0
BRDA:47,10,0,0
BRDA:47,10,1,0
LF:31
LH:0
BRF:2
BRH:0
FNF:9
FNH:0
end_of_record
SF:/Users/dogaaydin/CSharp-Covariance-Polymorphism-Exercises/src/AdvancedConcepts.Core/Advanced/HighPerformance/ParallelProcessingExamples.cs
FN:16,System.Int64 AdvancedCsharpConcepts.Advanced.HighPerformance.ParallelProcessingExamples::SequentialSum(System.Int32)
FNDA:1,System.Int64 AdvancedCsharpConcepts.Advanced.HighPerformance.ParallelProcessingExamples::SequentialSum(System.Int32)
DA:17,1
DA:18,1
DA:19,2000002
DA:20,1000000
DA:21,1000000
DA:22,1000000
DA:23,1
DA:24,1
BRDA:19,25,1,1000000
BRDA:19,25,0,1
FN:30,System.Int64 AdvancedCsharpConcepts.Advanced.HighPerformance.ParallelProcessingExamples::ParallelForSum(System.Int32)
FNDA:1,System.Int64 AdvancedCsharpConcepts.Advanced.HighPerformance.ParallelProcessingExamples::ParallelForSum(System.Int32)
DA:31,1
DA:32,1
DA:33,1
DA:34,1
DA:35,1
DA:36,1
DA:37,1
FN:43,System.Int64 AdvancedCsharpConcepts.Advanced.HighPerformance.ParallelProcessingExamples::PlinqSum(System.Int32)
FNDA:0,System.Int64 AdvancedCsharpConcepts.Advanced.HighPerformance.ParallelProcessingExamples::PlinqSum(System.Int32)
DA:44,0
DA:45,0
DA:46,0
DA:47,0
DA:48,0
FN:54,System.Int64 AdvancedCsharpConcepts.Advanced.HighPerformance.ParallelProcessingExamples::OptimizedParallelSum(System.Int32)
FNDA:0,System.Int64 AdvancedCsharpConcepts.Advanced.HighPerformance.ParallelProcessingExamples::OptimizedParallelSum(System.Int32)
DA:55,0
DA:56,0
DA:57,0
DA:59,0
DA:60,0
DA:61,0
DA:62,0
DA:63,0
DA:64,0
DA:65,0
DA:66,0
DA:67,0
DA:69,0
DA:70,0
FN:76,System.Double[0...,0...] AdvancedCsharpConcepts.Advanced.HighPerformance.ParallelProcessingExamples::ParallelMatrixMultiply(System.Double[0...,0...],System.Double[0...,0...])
FNDA:1,System.Double[0...,0...] AdvancedCsharpConcepts.Advanced.HighPerformance.ParallelProcessingExamples::ParallelMatrixMultiply(System.Double[0...,0...],System.Double[0...,0...])
DA:77,1
DA:78,1
DA:79,1
DA:80,1
DA:82,1
DA:83,0
DA:85,1
DA:88,1
DA:89,1
DA:90,1
DA:91,1
DA:92,1
DA:93,1
DA:94,1
DA:95,1
DA:96,1
DA:97,1
DA:98,1
DA:99,1
DA:101,1
DA:102,1
BRDA:82,95,0,0
BRDA:82,95,1,1
FN:108,System.Collections.Generic.List`1<System.Int32> AdvancedCsharpConcepts.Advanced.HighPerformance.ParallelProcessingExamples::ParallelPipeline(System.Collections.Generic.IEnumerable`1<System.Int32>)
FNDA:3,System.Collections.Generic.List`1<System.Int32> AdvancedCsharpConcepts.Advanced.HighPerformance.ParallelProcessingExamples::ParallelPipeline(System.Collections.Generic.IEnumerable`1<System.Int32>)
DA:109,3
DA:111,3
DA:112,3
DA:113,3
DA:114,3
DA:115,3
DA:116,3
DA:118,3
DA:119,3
FN:124,System.Void AdvancedCsharpConcepts.Advanced.HighPerformance.ParallelProcessingExamples::BenchmarkParallelism()
FNDA:0,System.Void AdvancedCsharpConcepts.Advanced.HighPerformance.ParallelProcessingExamples::BenchmarkParallelism()
DA:125,0
DA:127,0
DA:130,0
DA:131,0
DA:132,0
DA:135,0
DA:136,0
DA:137,0
DA:140,0
DA:141,0
DA:142,0
DA:145,0
DA:146,0
DA:147,0
DA:149,0
DA:150,0
DA:151,0
DA:152,0
DA:153,0
DA:154,0
FN:159,System.Void AdvancedCsharpConcepts.Advanced.HighPerformance.ParallelProcessingExamples::RunExample()
FNDA:0,System.Void AdvancedCsharpConcepts.Advanced.HighPerformance.ParallelProcessingExamples::RunExample()
DA:160,0
DA:161,0
DA:163,0
DA:164,0
DA:166,0
DA:167,0
DA:168,0
DA:169,0
DA:172,0
DA:173,0
DA:174,0
DA:175,0
DA:176,0
DA:177,0
DA:178,0
DA:179,0
DA:181,0
DA:182,0
DA:183,0
DA:184,0
DA:185,0
DA:187,0
DA:188,0
DA:189,0
DA:190,0
DA:191,0
DA:192,0
BRDA:172,137,1,0
BRDA:174,119,1,0
BRDA:174,119,0,0
BRDA:172,137,0,0
LF:111
LH:44
BRF:8
BRH:3
FNF:8
FNH:4
end_of_record
SF:/Users/dogaaydin/CSharp-Covariance-Polymorphism-Exercises/src/AdvancedConcepts.Core/Advanced/HighPerformance/SpanMemoryExamples.cs
FN:17,System.Int32[] AdvancedCsharpConcepts.Advanced.HighPerformance.SpanMemoryExamples::ParseNumbersTraditional(System.String)
FNDA:1,System.Int32[] AdvancedCsharpConcepts.Advanced.HighPerformance.SpanMemoryExamples::ParseNumbersTraditional(System.String)
DA:18,1
DA:19,1
DA:20,1
DA:21,2002
DA:22,1000
DA:23,1000
DA:24,1000
DA:25,1
DA:26,1
BRDA:21,54,1,1000
BRDA:21,54,0,1
FN:33,System.Int32[] AdvancedCsharpConcepts.Advanced.HighPerformance.SpanMemoryExamples::ParseNumbersModern(System.String)
FNDA:2,System.Int32[] AdvancedCsharpConcepts.Advanced.HighPerformance.SpanMemoryExamples::ParseNumbersModern(System.String)
DA:34,2
DA:35,2
DA:36,2
DA:38,2
DA:39,105574
DA:40,52785
DA:41,52785
DA:42,10998
DA:43,10998
DA:44,10998
DA:45,10998
DA:46,10998
DA:47,10998
DA:48,10998
DA:49,10998
DA:50,52785
DA:53,2
DA:54,2
DA:55,2
DA:56,2
DA:57,2
DA:58,2
DA:59,2
DA:60,2
DA:62,2
DA:63,2
BRDA:39,109,1,52785
BRDA:41,38,0,10998
BRDA:44,72,0,10998
BRDA:44,72,1,10998
BRDA:41,38,1,52785
BRDA:39,109,0,2
BRDA:53,125,0,2
BRDA:56,156,0,2
BRDA:56,156,1,2
BRDA:53,125,1,2
FN:69,System.Void AdvancedCsharpConcepts.Advanced.HighPerformance.SpanMemoryExamples::StackAllocationExample()
FNDA:0,System.Void AdvancedCsharpConcepts.Advanced.HighPerformance.SpanMemoryExamples::StackAllocationExample()
DA:70,0
DA:72,0
DA:75,0
DA:76,0
DA:77,0
DA:78,0
DA:81,0
DA:82,0
DA:83,0
DA:84,0
DA:85,0
DA:87,0
DA:88,0
BRDA:75,63,1,0
BRDA:75,63,0,0
BRDA:82,110,1,0
BRDA:82,110,0,0
FN:94,System.Void AdvancedCsharpConcepts.Advanced.HighPerformance.SpanMemoryExamples::ArrayPoolExample()
FNDA:0,System.Void AdvancedCsharpConcepts.Advanced.HighPerformance.SpanMemoryExamples::ArrayPoolExample()
DA:95,0
DA:97,0
DA:100,0
DA:102,0
DA:104,0
DA:105,0
DA:106,0
DA:107,0
DA:108,0
DA:110,0
DA:111,0
DA:112,0
DA:113,0
DA:114,0
DA:116,0
DA:117,0
DA:119,0
DA:121,0
DA:122,0
DA:123,0
BRDA:105,75,1,0
BRDA:105,75,0,0
BRDA:111,122,1,0
BRDA:111,122,0,0
FN:129,System.Void AdvancedCsharpConcepts.Advanced.HighPerformance.SpanMemoryExamples::SpanSlicingExample()
FNDA:0,System.Void AdvancedCsharpConcepts.Advanced.HighPerformance.SpanMemoryExamples::SpanSlicingExample()
DA:130,0
DA:131,0
DA:132,0
DA:135,0
DA:136,0
DA:139,0
DA:140,0
DA:143,0
DA:144,0
DA:147,0
DA:148,0
DA:149,0
FN:175,System.Void AdvancedCsharpConcepts.Advanced.HighPerformance.SpanMemoryExamples::FillMemory(System.Memory`1<System.Int32>)
FNDA:1,System.Void AdvancedCsharpConcepts.Advanced.HighPerformance.SpanMemoryExamples::FillMemory(System.Memory`1<System.Int32>)
DA:176,1
DA:177,1
DA:178,2002
DA:179,1000
DA:180,1000
DA:181,1000
DA:182,1
BRDA:178,41,1,1000
BRDA:178,41,0,1
FN:184,System.Int32 AdvancedCsharpConcepts.Advanced.HighPerformance.SpanMemoryExamples::CalculateSum(System.Memory`1<System.Int32>)
FNDA:1,System.Int32 AdvancedCsharpConcepts.Advanced.HighPerformance.SpanMemoryExamples::CalculateSum(System.Memory`1<System.Int32>)
DA:185,1
DA:186,1
DA:187,1
DA:188,2003
DA:189,1000
DA:190,1000
DA:191,1000
DA:192,1
DA:193,1
BRDA:188,48,1,1000
BRDA:188,48,0,1
FN:237,System.Void AdvancedCsharpConcepts.Advanced.HighPerformance.SpanMemoryExamples::CustomTokenizerExample()
FNDA:0,System.Void AdvancedCsharpConcepts.Advanced.HighPerformance.SpanMemoryExamples::CustomTokenizerExample()
DA:238,0
DA:240,0
DA:242,0
DA:243,0
DA:244,0
DA:245,0
DA:246,0
DA:247,0
BRDA:243,42,0,0
BRDA:243,42,1,0
FN:252,System.Void AdvancedCsharpConcepts.Advanced.HighPerformance.SpanMemoryExamples::BenchmarkParsing()
FNDA:0,System.Void AdvancedCsharpConcepts.Advanced.HighPerformance.SpanMemoryExamples::BenchmarkParsing()
DA:253,0
DA:258,0
DA:259,0
DA:262,0
DA:263,0
DA:264,0
DA:265,0
DA:266,0
DA:267,0
DA:270,0
DA:271,0
DA:272,0
DA:273,0
DA:274,0
DA:275,0
DA:277,0
DA:278,0
DA:279,0
DA:280,0
BRDA:263,62,1,0
BRDA:263,62,0,0
BRDA:271,115,1,0
BRDA:271,115,0,0
FN:285,System.Void AdvancedCsharpConcepts.Advanced.HighPerformance.SpanMemoryExamples::RunExample()
FNDA:0,System.Void AdvancedCsharpConcepts.Advanced.HighPerformance.SpanMemoryExamples::RunExample()
DA:286,0
DA:287,0
DA:289,0
DA:290,0
DA:292,0
DA:293,0
DA:295,0
DA:296,0
DA:298,0
DA:299,0
DA:300,0
DA:301,0
DA:303,0
DA:304,0
DA:306,0
DA:307,0
DA:308,0
LF:140
LH:51
BRF:30
BRH:16
FNF:10
FNH:4
end_of_record
SF:/Users/dogaaydin/CSharp-Covariance-Polymorphism-Exercises/src/AdvancedConcepts.Core/Advanced/GenericCovarianceContravariance/AnimalConsumer.cs
FN:20,System.Void AdvancedCsharpConcepts.Advanced.GenericCovarianceContravariance.AnimalConsumer::Consume(AdvancedCsharpConcepts.Beginner.Polymorphism_AssignCompatibility.Animal)
FNDA:0,System.Void AdvancedCsharpConcepts.Advanced.GenericCovarianceContravariance.AnimalConsumer::Consume(AdvancedCsharpConcepts.Beginner.Polymorphism_AssignCompatibility.Animal)
DA:21,0
DA:22,0
DA:23,0
LF:3
LH:0
BRF:0
BRH:0
FNF:1
FNH:0
end_of_record
SF:/Users/dogaaydin/CSharp-Covariance-Polymorphism-Exercises/src/AdvancedConcepts.Core/Advanced/GenericCovarianceContravariance/AnimalProducer.cs
FN:15,AdvancedCsharpConcepts.Beginner.Polymorphism_AssignCompatibility.Animal AdvancedCsharpConcepts.Advanced.GenericCovarianceContravariance.AnimalProducer::Produce()
FNDA:0,AdvancedCsharpConcepts.Beginner.Polymorphism_AssignCompatibility.Animal AdvancedCsharpConcepts.Advanced.GenericCovarianceContravariance.AnimalProducer::Produce()
DA:16,0
DA:17,0
DA:18,0
LF:3
LH:0
BRF:0
BRH:0
FNF:1
FNH:0
end_of_record
SF:/Users/dogaaydin/CSharp-Covariance-Polymorphism-Exercises/src/AdvancedConcepts.Core/Advanced/GenericCovarianceContravariance/CatConsumer.cs
FN:15,System.Void AdvancedCsharpConcepts.Advanced.GenericCovarianceContravariance.CatConsumer::Consume(AdvancedCsharpConcepts.Beginner.Polymorphism_AssignCompatibility.Cat)
FNDA:0,System.Void AdvancedCsharpConcepts.Advanced.GenericCovarianceContravariance.CatConsumer::Consume(AdvancedCsharpConcepts.Beginner.Polymorphism_AssignCompatibility.Cat)
DA:16,0
DA:17,0
DA:18,0
LF:3
LH:0
BRF:0
BRH:0
FNF:1
FNH:0
end_of_record
SF:/Users/dogaaydin/CSharp-Covariance-Polymorphism-Exercises/src/AdvancedConcepts.Core/Advanced/GenericCovarianceContravariance/CatProducer.cs
FN:19,AdvancedCsharpConcepts.Beginner.Polymorphism_AssignCompatibility.Cat AdvancedCsharpConcepts.Advanced.GenericCovarianceContravariance.CatProducer::Produce()
FNDA:0,AdvancedCsharpConcepts.Beginner.Polymorphism_AssignCompatibility.Cat AdvancedCsharpConcepts.Advanced.GenericCovarianceContravariance.CatProducer::Produce()
DA:20,0
DA:21,0
DA:22,0
LF:3
LH:0
BRF:0
BRH:0
FNF:1
FNH:0
end_of_record
SF:/Users/dogaaydin/CSharp-Covariance-Polymorphism-Exercises/src/AdvancedConcepts.Core/Advanced/GenericCovarianceContravariance/DogProducer.cs
FN:19,AdvancedCsharpConcepts.Beginner.Polymorphism_AssignCompatibility.Dog AdvancedCsharpConcepts.Advanced.GenericCovarianceContravariance.DogProducer::Produce()
FNDA:0,AdvancedCsharpConcepts.Beginner.Polymorphism_AssignCompatibility.Dog AdvancedCsharpConcepts.Advanced.GenericCovarianceContravariance.DogProducer::Produce()
DA:20,0
DA:21,0
DA:22,0
LF:3
LH:0
BRF:0
BRH:0
FNF:1
FNH:0
end_of_record
[...]
FNDA:0,AdvancedCsharpConcepts.Advanced.DesignPatterns.BuilderPattern/ComputerBuilder AdvancedCsharpConcepts.Advanced.DesignPatterns.BuilderPattern/ComputerBuilder::WithCPU(System.String)
DA:63,0
DA:64,0
DA:65,0
DA:66,0
FN:68,AdvancedCsharpConcepts.Advanced.DesignPatterns.BuilderPattern/ComputerBuilder AdvancedCsharpConcepts.Advanced.DesignPatterns.BuilderPattern/ComputerBuilder::WithMotherboard(System.String)
FNDA:0,AdvancedCsharpConcepts.Advanced.DesignPatterns.BuilderPattern/ComputerBuilder AdvancedCsharpConcepts.Advanced.DesignPatterns.BuilderPattern/ComputerBuilder::WithMotherboard(System.String)
DA:69,0
DA:70,0
DA:71,0
DA:72,0
FN:74,AdvancedCsharpConcepts.Advanced.DesignPatterns.BuilderPattern/ComputerBuilder AdvancedCsharpConcepts.Advanced.DesignPatterns.BuilderPattern/ComputerBuilder::WithRAM(System.Int32)
FNDA:0,AdvancedCsharpConcepts.Advanced.DesignPatterns.BuilderPattern/ComputerBuilder AdvancedCsharpConcepts.Advanced.DesignPatterns.BuilderPattern/ComputerBuilder::WithRAM(System.Int32)
DA:75,0
DA:76,0
DA:77,0
DA:78,0
DA:79,0
DA:80,0
BRDA:76,10,0,0
BRDA:76,10,1,0
FN:82,AdvancedCsharpConcepts.Advanced.DesignPatterns.BuilderPattern/ComputerBuilder AdvancedCsharpConcepts.Advanced.DesignPatterns.BuilderPattern/ComputerBuilder::WithGPU(System.String)
FNDA:0,AdvancedCsharpConcepts.Advanced.DesignPatterns.BuilderPattern/ComputerBuilder AdvancedCsharpConcepts.Advanced.DesignPatterns.BuilderPattern/ComputerBuilder::WithGPU(System.String)
DA:83,0
DA:84,0
DA:85,0
DA:86,0
FN:88,AdvancedCsharpConcepts.Advanced.DesignPatterns.BuilderPattern/ComputerBuilder AdvancedCsharpConcepts.Advanced.DesignPatterns.BuilderPattern/ComputerBuilder::WithStorage(System.Int32,System.Boolean)
FNDA:0,AdvancedCsharpConcepts.Advanced.DesignPatterns.BuilderPattern/ComputerBuilder AdvancedCsharpConcepts.Advanced.DesignPatterns.BuilderPattern/ComputerBuilder::WithStorage(System.Int32,System.Boolean)
DA:89,0
DA:90,0
DA:91,0
DA:92,0
DA:93,0
DA:94,0
DA:95,0
BRDA:90,10,0,0
BRDA:90,10,1,0
FN:97,AdvancedCsharpConcepts.Advanced.DesignPatterns.BuilderPattern/ComputerBuilder AdvancedCsharpConcepts.Advanced.DesignPatterns.BuilderPattern/ComputerBuilder::WithWifi()
FNDA:0,AdvancedCsharpConcepts.Advanced.DesignPatterns.BuilderPattern/ComputerBuilder AdvancedCsharpConcepts.Advanced.DesignPatterns.BuilderPattern/ComputerBuilder::WithWifi()
DA:98,0
DA:99,0
DA:100,0
DA:101,0
FN:103,AdvancedCsharpConcepts.Advanced.DesignPatterns.BuilderPattern/ComputerBuilder AdvancedCsharpConcepts.Advanced.DesignPatterns.BuilderPattern/ComputerBuilder::WithCooling(System.String)
FNDA:0,AdvancedCsharpConcepts.Advanced.DesignPatterns.BuilderPattern/ComputerBuilder AdvancedCsharpConcepts.Advanced.DesignPatterns.BuilderPattern/ComputerBuilder::WithCooling(System.String)
DA:104,0
DA:105,0
DA:106,0
DA:107,0
FN:109,AdvancedCsharpConcepts.Advanced.DesignPatterns.BuilderPattern/ComputerBuilder AdvancedCsharpConcepts.Advanced.DesignPatterns.BuilderPattern/ComputerBuilder::WithPowerSupply(System.Int32)
FNDA:0,AdvancedCsharpConcepts.Advanced.DesignPatterns.BuilderPattern/ComputerBuilder AdvancedCsharpConcepts.Advanced.DesignPatterns.BuilderPattern/ComputerBuilder::WithPowerSupply(System.Int32)
DA:110,0
DA:111,0
DA:112,0
DA:113,0
DA:114,0
DA:115,0
BRDA:111,11,0,0
BRDA:111,11,1,0
FN:117,AdvancedCsharpConcepts.Advanced.DesignPatterns.BuilderPattern/Computer AdvancedCsharpConcepts.Advanced.DesignPatterns.BuilderPattern/ComputerBuilder::Build()
FNDA:0,AdvancedCsharpConcepts.Advanced.DesignPatterns.BuilderPattern/Computer AdvancedCsharpConcepts.Advanced.DesignPatterns.BuilderPattern/ComputerBuilder::Build()
DA:118,0
DA:120,0
DA:121,0
DA:122,0
DA:123,0
DA:124,0
DA:125,0
DA:127,0
DA:128,0
DA:129,0
DA:130,0
DA:131,0
DA:132,0
DA:133,0
DA:134,0
DA:135,0
DA:136,0
DA:137,0
DA:138,0
DA:139,0
BRDA:120,14,0,0
BRDA:120,14,1,0
BRDA:122,40,0,0
BRDA:122,40,1,0
BRDA:124,64,0,0
BRDA:124,64,1,0
FN:51,System.Void AdvancedCsharpConcepts.Advanced.DesignPatterns.BuilderPattern/ComputerBuilder::.ctor()
FNDA:0,System.Void AdvancedCsharpConcepts.Advanced.DesignPatterns.BuilderPattern/ComputerBuilder::.ctor()
DA:52,0
DA:53,0
DA:60,0
FN:154,AdvancedCsharpConcepts.Advanced.DesignPatterns.BuilderPattern/ServerConfig/ServerConfigBuilder AdvancedCsharpConcepts.Advanced.DesignPatterns.BuilderPattern/ServerConfig::get_Builder()
FNDA:0,AdvancedCsharpConcepts.Advanced.DesignPatterns.BuilderPattern/ServerConfig/ServerConfigBuilder AdvancedCsharpConcepts.Advanced.DesignPatterns.BuilderPattern/ServerConfig::get_Builder()
DA:155,0
FN:167,AdvancedCsharpConcepts.Advanced.DesignPatterns.BuilderPattern/ServerConfig/ServerConfigBuilder AdvancedCsharpConcepts.Advanced.DesignPatterns.BuilderPattern/ServerConfig/ServerConfigBuilder::WithServerName(System.String)
FNDA:0,AdvancedCsharpConcepts.Advanced.DesignPatterns.BuilderPattern/ServerConfig/ServerConfigBuilder AdvancedCsharpConcepts.Advanced.DesignPatterns.BuilderPattern/ServerConfig/ServerConfigBuilder::WithServerName(System.String)
DA:168,0
DA:169,0
DA:170,0
DA:171,0
FN:173,AdvancedCsharpConcepts.Advanced.DesignPatterns.BuilderPattern/ServerConfig/ServerConfigBuilder AdvancedCsharpConcepts.Advanced.DesignPatterns.BuilderPattern/ServerConfig/ServerConfigBuilder::WithPort(System.Int32)
FNDA:0,AdvancedCsharpConcepts.Advanced.DesignPatterns.BuilderPattern/ServerConfig/ServerConfigBuilder AdvancedCsharpConcepts.Advanced.DesignPatterns.BuilderPattern/ServerConfig/ServerConfigBuilder::WithPort(System.Int32)
DA:174,0
DA:175,0
DA:176,0
DA:177,0
FN:179,AdvancedCsharpConcepts.Advanced.DesignPatterns.BuilderPattern/ServerConfig/ServerConfigBuilder AdvancedCsharpConcepts.Advanced.DesignPatterns.BuilderPattern/ServerConfig/ServerConfigBuilder::WithHost(System.String)
FNDA:0,AdvancedCsharpConcepts.Advanced.DesignPatterns.BuilderPattern/ServerConfig/ServerConfigBuilder AdvancedCsharpConcepts.Advanced.DesignPatterns.BuilderPattern/ServerConfig/ServerConfigBuilder::WithHost(System.String)
DA:180,0
DA:181,0
DA:182,0
DA:183,0
FN:185,AdvancedCsharpConcepts.Advanced.DesignPatterns.BuilderPattern/ServerConfig/ServerConfigBuilder AdvancedCsharpConcepts.Advanced.DesignPatterns.BuilderPattern/ServerConfig/ServerConfigBuilder::WithSSL()
FNDA:0,AdvancedCsharpConcepts.Advanced.DesignPatterns.BuilderPattern/ServerConfig/ServerConfigBuilder AdvancedCsharpConcepts.Advanced.DesignPatterns.BuilderPattern/ServerConfig/ServerConfigBuilder::WithSSL()
DA:186,0
DA:187,0
DA:188,0
DA:189,0
FN:191,AdvancedCsharpConcepts.Advanced.DesignPatterns.BuilderPattern/ServerConfig/ServerConfigBuilder AdvancedCsharpConcepts.Advanced.DesignPatterns.BuilderPattern/ServerConfig/ServerConfigBuilder::WithMaxConnections(System.Int32)
FNDA:0,AdvancedCsharpConcepts.Advanced.DesignPatterns.BuilderPattern/ServerConfig/ServerConfigBuilder AdvancedCsharpConcepts.Advanced.DesignPatterns.BuilderPattern/ServerConfig/ServerConfigBuilder::WithMaxConnections(System.Int32)
DA:192,0
DA:193,0
DA:194,0
DA:195,0
FN:197,AdvancedCsharpConcepts.Advanced.DesignPatterns.BuilderPattern/ServerConfig/ServerConfigBuilder AdvancedCsharpConcepts.Advanced.DesignPatterns.BuilderPattern/ServerConfig/ServerConfigBuilder::WithTimeout(System.Int32)
FNDA:0,AdvancedCsharpConcepts.Advanced.DesignPatterns.BuilderPattern/ServerConfig/ServerConfigBuilder AdvancedCsharpConcepts.Advanced.DesignPatterns.BuilderPattern/ServerConfig/ServerConfigBuilder::WithTimeout(System.Int32)
DA:198,0
DA:199,0
DA:200,0
DA:201,0
FN:203,AdvancedCsharpConcepts.Advanced.DesignPatterns.BuilderPattern/ServerConfig/ServerConfigBuilder AdvancedCsharpConcepts.Advanced.DesignPatterns.BuilderPattern/ServerConfig/ServerConfigBuilder::WithLogging(System.String)
FNDA:0,AdvancedCsharpConcepts.Advanced.DesignPatterns.BuilderPattern/ServerConfig/ServerConfigBuilder AdvancedCsharpConcepts.Advanced.DesignPatterns.BuilderPattern/ServerConfig/ServerConfigBuilder::WithLogging(System.String)
DA:204,0
DA:205,0
DA:206,0
DA:207,0
FN:209,AdvancedCsharpConcepts.Advanced.DesignPatterns.BuilderPattern/ServerConfig AdvancedCsharpConcepts.Advanced.DesignPatterns.BuilderPattern/ServerConfig/ServerConfigBuilder::Build()
FNDA:0,AdvancedCsharpConcepts.Advanced.DesignPatterns.BuilderPattern/ServerConfig AdvancedCsharpConcepts.Advanced.DesignPatterns.BuilderPattern/ServerConfig/ServerConfigBuilder::Build()
DA:210,0
DA:211,0
DA:212,0
DA:213,0
DA:214,0
DA:216,0
DA:217,0
DA:218,0
DA:219,0
DA:220,0
DA:221,0
DA:222,0
DA:223,0
DA:224,0
DA:225,0
DA:226,0
BRDA:211,14,0,0
BRDA:211,14,1,0
BRDA:213,34,0,0
BRDA:213,34,1,0
BRDA:213,54,0,0
BRDA:213,54,1,0
FN:160,System.Void AdvancedCsharpConcepts.Advanced.DesignPatterns.BuilderPattern/ServerConfig/ServerConfigBuilder::.ctor()
FNDA:0,System.Void AdvancedCsharpConcepts.Advanced.DesignPatterns.BuilderPattern/ServerConfig/ServerConfigBuilder::.ctor()
DA:161,0
DA:163,0
DA:164,0
LF:164
LH:0
BRF:32
BRH:0
FNF:22
FNH:0
end_of_record
SF:/Users/dogaaydin/CSharp-Covariance-Polymorphism-Exercises/src/AdvancedConcepts.Core/Advanced/DesignPatterns/FactoryPattern.cs
FN:144,System.Void AdvancedConcepts.Core.Advanced.DesignPatterns.FactoryPattern::RunExample()
FNDA:0,System.Void AdvancedConcepts.Core.Advanced.DesignPatterns.FactoryPattern::RunExample()
DA:145,0
DA:146,0
DA:149,0
DA:150,0
DA:151,0
DA:152,0
DA:154,0
DA:155,0
DA:156,0
DA:159,0
DA:160,0
DA:161,0
DA:163,0
DA:164,0
DA:167,0
DA:168,0
DA:169,0
DA:171,0
DA:172,0
DA:173,0
FN:30,System.String AdvancedConcepts.Core.Advanced.DesignPatterns.FactoryPattern/Car::GetDescription()
FNDA:0,System.String AdvancedConcepts.Core.Advanced.DesignPatterns.FactoryPattern/Car::GetDescription()
DA:31,0
FN:31,System.Int32 AdvancedConcepts.Core.Advanced.DesignPatterns.FactoryPattern/Car::GetWheelCount()
FNDA:0,System.Int32 AdvancedConcepts.Core.Advanced.DesignPatterns.FactoryPattern/Car::GetWheelCount()
DA:32,0
FN:32,System.Void AdvancedConcepts.Core.Advanced.DesignPatterns.FactoryPattern/Car::Start()
FNDA:0,System.Void AdvancedConcepts.Core.Advanced.DesignPatterns.FactoryPattern/Car::Start()
DA:33,0
FN:25,System.Void AdvancedConcepts.Core.Advanced.DesignPatterns.FactoryPattern/Car::.ctor(System.String)
FNDA:0,System.Void AdvancedConcepts.Core.Advanced.DesignPatterns.FactoryPattern/Car::.ctor(System.String)
DA:26,0
DA:27,0
DA:28,0
DA:29,0
FN:47,System.String AdvancedConcepts.Core.Advanced.DesignPatterns.FactoryPattern/Motorcycle::GetDescription()
FNDA:0,System.String AdvancedConcepts.Core.Advanced.DesignPatterns.FactoryPattern/Motorcycle::GetDescription()
DA:48,0
FN:48,System.Int32 AdvancedConcepts.Core.Advanced.DesignPatterns.FactoryPattern/Motorcycle::GetWheelCount()
FNDA:0,System.Int32 AdvancedConcepts.Core.Advanced.DesignPatterns.FactoryPattern/Motorcycle::GetWheelCount()
DA:49,0
FN:49,System.Void AdvancedConcepts.Core.Advanced.DesignPatterns.FactoryPattern/Motorcycle::Start()
FNDA:0,System.Void AdvancedConcepts.Core.Advanced.DesignPatterns.FactoryPattern/Motorcycle::Start()
DA:50,0
FN:42,System.Void AdvancedConcepts.Core.Advanced.DesignPatterns.FactoryPattern/Motorcycle::.ctor(System.String)
FNDA:0,System.Void AdvancedConcepts.Core.Advanced.DesignPatterns.FactoryPattern/Motorcycle::.ctor(System.String)
DA:43,0
DA:44,0
DA:45,0
DA:46,0
FN:64,System.String AdvancedConcepts.Core.Advanced.DesignPatterns.FactoryPattern/Truck::GetDescription()
FNDA:0,System.String AdvancedConcepts.Core.Advanced.DesignPatterns.FactoryPattern/Truck::GetDescription()
DA:65,0
FN:65,System.Int32 AdvancedConcepts.Core.Advanced.DesignPatterns.FactoryPattern/Truck::GetWheelCount()
FNDA:0,System.Int32 AdvancedConcepts.Core.Advanced.DesignPatterns.FactoryPattern/Truck::GetWheelCount()
DA:66,0
FN:66,System.Void AdvancedConcepts.Core.Advanced.DesignPatterns.FactoryPattern/Truck::Start()
FNDA:0,System.Void AdvancedConcepts.Core.Advanced.DesignPatterns.FactoryPattern/Truck::Start()
DA:67,0
FN:59,System.Void AdvancedConcepts.Core.Advanced.DesignPatterns.FactoryPattern/Truck::.ctor(System.Int32)
FNDA:0,System.Void AdvancedConcepts.Core.Advanced.DesignPatterns.FactoryPattern/Truck::.ctor(System.Int32)
DA:60,0
DA:61,0
DA:62,0
DA:63,0
FN:85,AdvancedConcepts.Core.Advanced.DesignPatterns.FactoryPattern/IVehicle AdvancedConcepts.Core.Advanced.DesignPatterns.FactoryPattern/VehicleFactory::CreateVehicle(AdvancedConcepts.Core.Advanced.DesignPatterns.FactoryPattern/VehicleType,System.String)
FNDA:0,AdvancedConcepts.Core.Advanced.DesignPatterns.FactoryPattern/IVehicle AdvancedConcepts.Core.Advanced.DesignPatterns.FactoryPattern/VehicleFactory::CreateVehicle(AdvancedConcepts.Core.Advanced.DesignPatterns.FactoryPattern/VehicleType,System.String)
DA:86,0
DA:87,0
DA:88,0
DA:89,0
DA:90,0
DA:91,0
DA:92,0
DA:93,0
DA:94,0
BRDA:87,6,1,0
BRDA:87,6,2,0
BRDA:87,6,3,0
BRDA:87,6,0,0
FN:102,T AdvancedConcepts.Core.Advanced.DesignPatterns.FactoryPattern/GenericVehicleFactory::CreateVehicle(System.Object[])
FNDA:0,T AdvancedConcepts.Core.Advanced.DesignPatterns.FactoryPattern/GenericVehicleFactory::CreateVehicle(System.Object[])
DA:103,0
DA:104,0
DA:105,0
FN:115,System.Void AdvancedConcepts.Core.Advanced.DesignPatterns.FactoryPattern/VehicleCreator::ProcessVehicle()
FNDA:0,System.Void AdvancedConcepts.Core.Advanced.DesignPatterns.FactoryPattern/VehicleCreator::ProcessVehicle()
DA:116,0
DA:117,0
DA:118,0
DA:119,0
DA:120,0
FN:128,AdvancedConcepts.Core.Advanced.DesignPatterns.FactoryPattern/IVehicle AdvancedConcepts.Core.Advanced.DesignPatterns.FactoryPattern/CarCreator::CreateVehicle()
FNDA:0,AdvancedConcepts.Core.Advanced.DesignPatterns.FactoryPattern/IVehicle AdvancedConcepts.Core.Advanced.DesignPatterns.FactoryPattern/CarCreator::CreateVehicle()
DA:129,0
FN:126,System.Void AdvancedConcepts.Core.Advanced.DesignPatterns.FactoryPattern/CarCreator::.ctor(System.String)
FNDA:0,System.Void AdvancedConcepts.Core.Advanced.DesignPatterns.FactoryPattern/CarCreator::.ctor(System.String)
DA:127,0
FN:137,AdvancedConcepts.Core.Advanced.DesignPatterns.FactoryPattern/IVehicle AdvancedConcepts.Core.Advanced.DesignPatterns.FactoryPattern/MotorcycleCreator::CreateVehicle()
FNDA:0,AdvancedConcepts.Core.Advanced.DesignPatterns.FactoryPattern/IVehicle AdvancedConcepts.Core.Advanced.DesignPatterns.FactoryPattern/MotorcycleCreator::CreateVehicle()
DA:138,0
FN:135,System.Void AdvancedConcepts.Core.Advanced.DesignPatterns.FactoryPattern/MotorcycleCreator::.ctor(System.String)
FNDA:0,System.Void AdvancedConcepts.Core.Advanced.DesignPatterns.FactoryPattern/MotorcycleCreator::.ctor(System.String)
DA:136,0
LF:62
LH:0
BRF:4
BRH:0
FNF:20
FNH:0
end_of_record
SF:/Users/dogaaydin/CSharp-Covariance-Polymorphism-Exercises/src/AdvancedConcepts.Core/Advanced/DependencyInjection/DIExample.cs
FN:177,System.Void AdvancedConcepts.Core.Advanced.DependencyInjection.DIExample::RunExample()
FNDA:0,System.Void AdvancedConcepts.Core.Advanced.DependencyInjection.DIExample::RunExample()
DA:178,0
DA:179,0
DA:182,0
DA:185,0
DA:186,0
DA:187,0
DA:188,0
DA:189,0
DA:192,0
DA:193,0
DA:194,0
DA:197,0
DA:200,0
DA:203,0
DA:206,0
DA:209,0
DA:211,0
DA:212,0
DA:213,0
DA:216,0
DA:217,0
DA:220,0
DA:221,0
DA:222,0
DA:223,0
DA:224,0
DA:225,0
DA:227,0
DA:229,0
DA:230,0
DA:231,0
DA:232,0
DA:233,0
DA:234,0
BRDA:229,283,0,0
BRDA:229,283,1,0
FN:236,System.Void AdvancedConcepts.Core.Advanced.DependencyInjection.DIExample::DemonstrateLifetimes(System.IServiceProvider)
FNDA:0,System.Void AdvancedConcepts.Core.Advanced.DependencyInjection.DIExample::DemonstrateLifetimes(System.IServiceProvider)
DA:237,0
DA:239,0
DA:240,0
DA:242,0
DA:243,0
DA:244,0
DA:247,0
DA:248,0
DA:249,0
DA:250,0
FN:33,System.Threading.Tasks.Task`1<System.String[]> AdvancedConcepts.Core.Advanced.DependencyInjection.DIExample/InMemoryDataRepository::GetDataAsync()
FNDA:0,System.Threading.Tasks.Task`1<System.String[]> AdvancedConcepts.Core.Advanced.DependencyInjection.DIExample/InMemoryDataRepository::GetDataAsync()
DA:34,0
DA:35,0
DA:36,0
FN:38,System.Threading.Tasks.Task AdvancedConcepts.Core.Advanced.DependencyInjection.DIExample/InMemoryDataRepository::SaveDataAsync(System.String[])
FNDA:0,System.Threading.Tasks.Task AdvancedConcepts.Core.Advanced.DependencyInjection.DIExample/InMemoryDataRepository::SaveDataAsync(System.String[])
DA:39,0
DA:40,0
DA:41,0
DA:42,0
DA:43,0
FN:30,System.Void AdvancedConcepts.Core.Advanced.DependencyInjection.DIExample/InMemoryDataRepository::.ctor()
FNDA:0,System.Void AdvancedConcepts.Core.Advanced.DependencyInjection.DIExample/InMemoryDataRepository::.ctor()
DA:31,0
FN:50,System.Void AdvancedConcepts.Core.Advanced.DependencyInjection.DIExample/DataProcessor::.ctor(Microsoft.Extensions.Logging.ILogger`1<AdvancedConcepts.Core.Advanced.DependencyInjection.DIExample/DataProcessor>,AdvancedConcepts.Core.Advanced.DependencyInjection.DIExample/IDataRepository)
FNDA:0,System.Void AdvancedConcepts.Core.Advanced.DependencyInjection.DIExample/DataProcessor::.ctor(Microsoft.Extensions.Logging.ILogger`1<AdvancedConcepts.Core.Advanced.DependencyInjection.DIExample/DataProcessor>,AdvancedConcepts.Core.Advanced.DependencyInjection.DIExample/IDataRepository)
DA:51,0
DA:52,0
DA:53,0
DA:54,0
DA:55,0
BRDA:53,11,0,0
BRDA:53,11,1,0
BRDA:54,33,0,0
BRDA:54,33,1,0
FN:79,System.Void AdvancedConcepts.Core.Advanced.DependencyInjection.DIExample/ConsoleNotificationService::Notify(System.String)
FNDA:0,System.Void AdvancedConcepts.Core.Advanced.DependencyInjection.DIExample/ConsoleNotificationService::Notify(System.String)
DA:80,0
DA:81,0
DA:82,0
DA:83,0
FN:73,System.Void AdvancedConcepts.Core.Advanced.DependencyInjection.DIExample/ConsoleNotificationService::.ctor(Microsoft.Extensions.Logging.ILogger`1<AdvancedConcepts.Core.Advanced.DependencyInjection.DIExample/ConsoleNotificationService>)
FNDA:0,System.Void AdvancedConcepts.Core.Advanced.DependencyInjection.DIExample/ConsoleNotificationService::.ctor(Microsoft.Extensions.Logging.ILogger`1<AdvancedConcepts.Core.Advanced.DependencyInjection.DIExample/ConsoleNotificationService>)
DA:74,0
DA:75,0
DA:76,0
DA:77,0
FN:93,System.Void AdvancedConcepts.Core.Advanced.DependencyInjection.DIExample/ApplicationService::.ctor(AdvancedConcepts.Core.Advanced.DependencyInjection.DIExample/IDataProcessor,AdvancedConcepts.Core.Advanced.DependencyInjection.DIExample/IDataRepository,AdvancedConcepts.Core.Advanced.DependencyInjection.DIExample/INotificationService,Microsoft.Extensions.Logging.ILogger`1<AdvancedConcepts.Core.Advanced.DependencyInjection.DIExample/ApplicationService>)
FNDA:0,System.Void AdvancedConcepts.Core.Advanced.DependencyInjection.DIExample/ApplicationService::.ctor(AdvancedConcepts.Core.Advanced.DependencyInjection.DIExample/IDataProcessor,AdvancedConcepts.Core.Advanced.DependencyInjection.DIExample/IDataRepository,AdvancedConcepts.Core.Advanced.DependencyInjection.DIExample/INotificationService,Microsoft.Extensions.Logging.ILogger`1<AdvancedConcepts.Core.Advanced.DependencyInjection.DIExample/ApplicationService>)
DA:94,0
DA:95,0
DA:96,0
DA:97,0
DA:98,0
DA:99,0
DA:100,0
DA:101,0
DA:102,0
DA:103,0
DA:104,0
FN:142,System.Int32 AdvancedConcepts.Core.Advanced.DependencyInjection.DIExample/CounterService::GetNextId()
FNDA:0,System.Int32 AdvancedConcepts.Core.Advanced.DependencyInjection.DIExample/CounterService::GetNextId()
DA:143,0
FN:163,AdvancedConcepts.Core.Advanced.DependencyInjection.DIExample/IDataProcessor AdvancedConcepts.Core.Advanced.DependencyInjection.DIExample/ProcessorFactory::CreateProcessor(System.String)
FNDA:0,AdvancedConcepts.Core.Advanced.DependencyInjection.DIExample/IDataProcessor AdvancedConcepts.Core.Advanced.DependencyInjection.DIExample/ProcessorFactory::CreateProcessor(System.String)
DA:164,0
DA:166,0
DA:167,0
DA:168,0
DA:169,0
DA:170,0
DA:171,0
BRDA:166,23,1,0
BRDA:166,23,0,0
FN:157,System.Void AdvancedConcepts.Core.Advanced.DependencyInjection.DIExample/ProcessorFactory::.ctor(System.IServiceProvider)
FNDA:0,System.Void AdvancedConcepts.Core.Advanced.DependencyInjection.DIExample/ProcessorFactory::.ctor(System.IServiceProvider)
DA:158,0
DA:159,0
DA:160,0
DA:161,0
LF:89
LH:0
BRF:8
BRH:0
FNF:12
FNH:0
end_of_record